=== Image Generation Log - 2025-11-24T10:34:52.549Z ===


Generating images for 68 mythic entities...

=== Generating Image for Aurora Berg ===Entity: location:icebergPrompt: Geographic atlas illustration from a frozen Antarctic world inhabited by super-intelligent penguins dwelling upon colossal ice formations. Cartographic vista: dramatic ice formation within the vast Antarctic seascape surrounding the towering Aurora Berg.

Aurora Berg: Towering multi-tiered iceberg hosting rival super-penguin colonies. Aurora Stack commands sunlit terraces; Nightfall Shelf shadows its far side. The Glow-Fissure pulses beneath, warping currents. Krill Shoals drift nearby, fueling ancient tensions over fishing rights and artifact control. A massive floating ice mountain, home to penguin colonies.

Style: Illustrated geographic atlas or field guide style, hand-painted watercolor and ink aesthetic, dramatic lighting, Antarctic color palette (deep blues, ice whites, seafoam teals, aurora purples). Museum-quality natural history illustration. Cartographic landscape illustration, wide establishing view, atmospheric depth, topographic detail, sense of scale and grandeur.

IMPORTANT: No text, labels, words, letters, titles, captions, or written language of any kind. Pure visual imagery only. No typography or lettering.
✓ Image generated: https://oaidalleapiprodscus.blob.core.windows.net/private/org-Zgr8i5iBTabhj2Hq1bklwbWN/user-TeaXVWX53sHCB2Knf4hDhCmh/img-vRNcwz0X2jXjbyyoWScfhzlh.png?st=2025-11-24T09%3A40%3A27Z&se=2025-11-24T11%3A40%3A27Z&sp=r&sv=2024-08-04&sr=b&rscd=inline&rsct=image/png&skoid=67205dde-9780-4119-bbff-6343b48e42b6&sktid=a48cca56-e6da-484e-a814-9c849652bcb3&skt=2025-11-24T10%3A12%3A04Z&ske=2025-11-25T10%3A12%3A04Z&sks=b&skv=2024-08-04&sig=%2BVZPOVz6vTyk6cV9MSc57gVe4/VAXZTjS6XKenKfxko%3D
✓ Saved to: /home/tsonu/src/penguin-history/world-gen/output/images/location_aurora_berg_1763980826554.png

=== Generating Image for Aurora Stack ===Entity: location:colonyPrompt: Geographic atlas illustration from a frozen Antarctic world inhabited by super-intelligent penguins dwelling upon colossal ice formations. Cartographic vista: dramatic ice formation within the vast Antarctic seascape surrounding the towering Aurora Berg.

Aurora Stack: Sunlit colony of orderly terraces and bright trade banners. Aurora Stack values commerce, tradition, and recorded history. Adjacent to Krill Shoals and rival Nightfall Shelf, it serves as stronghold of The Icebound Exchange, the berg's mercantile heart. A bustling penguin settlement carved into ice, with architectural details.

Style: Illustrated geographic atlas or field guide style, hand-painted watercolor and ink aesthetic, dramatic lighting, Antarctic color palette (deep blues, ice whites, seafoam teals, aurora purples). Museum-quality natural history illustration. Cartographic landscape illustration, wide establishing view, atmospheric depth, topographic detail, sense of scale and grandeur.

IMPORTANT: No text, labels, words, letters, titles, captions, or written language of any kind. Pure visual imagery only. No typography or lettering.
✓ Image generated: https://oaidalleapiprodscus.blob.core.windows.net/private/org-Zgr8i5iBTabhj2Hq1bklwbWN/user-TeaXVWX53sHCB2Knf4hDhCmh/img-hNfAFtZ2eZNhleo3oqUYvOE6.png?st=2025-11-24T09%3A40%3A45Z&se=2025-11-24T11%3A40%3A45Z&sp=r&sv=2024-08-04&sr=b&rscd=inline&rsct=image/png&skoid=67205dde-9780-4119-bbff-6343b48e42b6&sktid=a48cca56-e6da-484e-a814-9c849652bcb3&skt=2025-11-24T10%3A40%3A45Z&ske=2025-11-25T10%3A40%3A45Z&sks=b&skv=2024-08-04&sig=iIwDcM5G/QsATcr3ngh6j2GrvcGtzgDlZLuIrs0PbqE%3D
✓ Saved to: /home/tsonu/src/penguin-history/world-gen/output/images/location_aurora_stack_1763980845680.png

=== Generating Image for Nightfall Shelf ===Entity: location:colonyPrompt: Geographic atlas illustration from a frozen Antarctic world inhabited by super-intelligent penguins dwelling upon colossal ice formations. Cartographic vista: dramatic ice formation within the vast Antarctic seascape surrounding the towering Aurora Berg.

Nightfall Shelf: Shadow-side ledge lit by bioluminescent ice glyphs. Home to The Midnight Claws, valuing independence, innovation, and ancestral memory. Connected to The Glow-Fissure's mysteries, it thrives on rope bridges and whispered deals, embodying the berg's hidden traditions. A bustling penguin settlement carved into ice, with architectural details.

Style: Illustrated geographic atlas or field guide style, hand-painted watercolor and ink aesthetic, dramatic lighting, Antarctic color palette (deep blues, ice whites, seafoam teals, aurora purples). Museum-quality natural history illustration. Cartographic landscape illustration, wide establishing view, atmospheric depth, topographic detail, sense of scale and grandeur.

IMPORTANT: No text, labels, words, letters, titles, captions, or written language of any kind. Pure visual imagery only. No typography or lettering.
✓ Image generated: https://oaidalleapiprodscus.blob.core.windows.net/private/org-Zgr8i5iBTabhj2Hq1bklwbWN/user-TeaXVWX53sHCB2Knf4hDhCmh/img-7k3vTSDjStcBug5jXVF20VEK.png?st=2025-11-24T09%3A41%3A09Z&se=2025-11-24T11%3A41%3A09Z&sp=r&sv=2024-08-04&sr=b&rscd=inline&rsct=image/png&skoid=e12db1aa-1007-44fd-8388-3a70fd6a4956&sktid=a48cca56-e6da-484e-a814-9c849652bcb3&skt=2025-11-24T08%3A34%3A23Z&ske=2025-11-25T08%3A34%3A23Z&sks=b&skv=2024-08-04&sig=CCHOxx4DEcP6j3mXjGClXNKqqwgwcL3PAwh6MyiMZww%3D
✓ Saved to: /home/tsonu/src/penguin-history/world-gen/output/images/location_nightfall_shelf_1763980869402.png

=== Generating Image for Krill Shoals ===Entity: location:geographic_featurePrompt: Geographic atlas illustration from a frozen Antarctic world inhabited by super-intelligent penguins dwelling upon colossal ice formations. Cartographic vista: dramatic ice formation within the vast Antarctic seascape surrounding the towering Aurora Berg.

Krill Shoals: Dense drifting clouds of krill passing beneath Aurora Stack. Lifeblood of the berg's fisheries and flashpoint for territorial disputes. Scarcity during The Great Thaw intensifies competition between colonies over these vital feeding grounds. A dramatic natural ice formation in the Antarctic landscape.

Style: Illustrated geographic atlas or field guide style, hand-painted watercolor and ink aesthetic, dramatic lighting, Antarctic color palette (deep blues, ice whites, seafoam teals, aurora purples). Museum-quality natural history illustration. Cartographic landscape illustration, wide establishing view, atmospheric depth, topographic detail, sense of scale and grandeur.

IMPORTANT: No text, labels, words, letters, titles, captions, or written language of any kind. Pure visual imagery only. No typography or lettering.
✓ Image generated: https://oaidalleapiprodscus.blob.core.windows.net/private/org-Zgr8i5iBTabhj2Hq1bklwbWN/user-TeaXVWX53sHCB2Knf4hDhCmh/img-AxlYxD9blrm2EM0lJi8uJAGy.png?st=2025-11-24T09%3A41%3A32Z&se=2025-11-24T11%3A41%3A32Z&sp=r&sv=2024-08-04&sr=b&rscd=inline&rsct=image/png&skoid=475fd488-6c59-44a5-9aa9-31c4db451bea&sktid=a48cca56-e6da-484e-a814-9c849652bcb3&skt=2025-11-24T10%3A41%3A32Z&ske=2025-11-25T10%3A41%3A32Z&sks=b&skv=2024-08-04&sig=08hiGQKE8p34ntX7VAGG3e6tpIFpci2NfqS%2BvNOFpCQ%3D
✓ Saved to: /home/tsonu/src/penguin-history/world-gen/output/images/location_krill_shoals_1763980892992.png

=== Generating Image for The Glow-Fissure ===Entity: location:anomalyPrompt: Geographic atlas illustration from a frozen Antarctic world inhabited by super-intelligent penguins dwelling upon colossal ice formations. Cartographic vista: dramatic ice formation within the vast Antarctic seascape surrounding the towering Aurora Berg.

The Glow-Fissure: Deep crack beneath Nightfall Shelf pulsing with otherworldly light. Recent anomaly warping currents and currents alike. Catalyst for environmental and magical disturbances, it draws seekers of pre-penguin artifacts and triggers escalating territorial conflicts. A mysterious, otherworldly location with strange phenomena.

Style: Illustrated geographic atlas or field guide style, hand-painted watercolor and ink aesthetic, dramatic lighting, Antarctic color palette (deep blues, ice whites, seafoam teals, aurora purples). Museum-quality natural history illustration. Cartographic landscape illustration, wide establishing view, atmospheric depth, topographic detail, sense of scale and grandeur.

IMPORTANT: No text, labels, words, letters, titles, captions, or written language of any kind. Pure visual imagery only. No typography or lettering.
✓ Image generated: https://oaidalleapiprodscus.blob.core.windows.net/private/org-Zgr8i5iBTabhj2Hq1bklwbWN/user-TeaXVWX53sHCB2Knf4hDhCmh/img-IOAGn3jl0yRbLCQETu2mKYTH.png?st=2025-11-24T09%3A41%3A51Z&se=2025-11-24T11%3A41%3A51Z&sp=r&sv=2024-08-04&sr=b&rscd=inline&rsct=image/png&skoid=e12db1aa-1007-44fd-8388-3a70fd6a4956&sktid=a48cca56-e6da-484e-a814-9c849652bcb3&skt=2025-11-24T10%3A41%3A51Z&ske=2025-11-25T10%3A41%3A51Z&sks=b&skv=2024-08-04&sig=ogn66t/KiuRjHCntCUVWK9IHj63Mol3YlW/efVAmjww%3D
✓ Saved to: /home/tsonu/src/penguin-history/world-gen/output/images/location_the_glow_fissure_1763980912133.png

=== Generating Image for The Icebound Exchange ===Entity: faction:companyPrompt: Geographic atlas illustration from a frozen Antarctic world inhabited by super-intelligent penguins dwelling upon colossal ice formations. Symbolic heraldry: visual representation of a penguin collective through emblematic imagery and compositional elements.

The Icebound Exchange: Mythic merchant guild monopolizing Aurora Stack's trade through carved-ice credit chits and price regulation. Commands advanced fishing and navigation tech across 16 territories, wielding immense economic influence during The Great Thaw. A merchant organization, shown through trade symbols and prosperity.

Style: Illustrated geographic atlas or field guide style, hand-painted watercolor and ink aesthetic, dramatic lighting, Antarctic color palette (deep blues, ice whites, seafoam teals, aurora purples). Museum-quality natural history illustration. Symbolic heraldry or group composition, emblematic design, visual identity through imagery alone.

IMPORTANT: No text, labels, words, letters, titles, captions, or written language of any kind. Pure visual imagery only. No typography or lettering.
✓ Image generated: https://oaidalleapiprodscus.blob.core.windows.net/private/org-Zgr8i5iBTabhj2Hq1bklwbWN/user-TeaXVWX53sHCB2Knf4hDhCmh/img-vJ2kUEOoH9oG2YcqgTaE0d1a.png?st=2025-11-24T09%3A42%3A10Z&se=2025-11-24T11%3A42%3A10Z&sp=r&sv=2024-08-04&sr=b&rscd=inline&rsct=image/png&skoid=1726b4ce-fee1-450b-8b92-1731ad8745f6&sktid=a48cca56-e6da-484e-a814-9c849652bcb3&skt=2025-11-24T10%3A42%3A10Z&ske=2025-11-25T10%3A42%3A10Z&sks=b&skv=2024-08-04&sig=65b7RkUD2yNvEuo/gKkyThCw0UADeccDph7mgu43MJw%3D
✓ Saved to: /home/tsonu/src/penguin-history/world-gen/output/images/faction_the_icebound_exchange_1763980930399.png

=== Generating Image for The Midnight Claws ===Entity: faction:criminalPrompt: Geographic atlas illustration from a frozen Antarctic world inhabited by super-intelligent penguins dwelling upon colossal ice formations. Symbolic heraldry: visual representation of a penguin collective through emblematic imagery and compositional elements.

The Midnight Claws: Clandestine syndicate ruling Nightfall Shelf's shadows, smuggling forbidden tech and siphoning magic from the Glow-Fissure. Controls 23 strategic sites; triggered 79 events through political, economic, military, and cultural machinations. A shadowy syndicate, depicted through darkness and secrecy.

Style: Illustrated geographic atlas or field guide style, hand-painted watercolor and ink aesthetic, dramatic lighting, Antarctic color palette (deep blues, ice whites, seafoam teals, aurora purples). Museum-quality natural history illustration. Symbolic heraldry or group composition, emblematic design, visual identity through imagery alone.

IMPORTANT: No text, labels, words, letters, titles, captions, or written language of any kind. Pure visual imagery only. No typography or lettering.
✓ Image generated: https://oaidalleapiprodscus.blob.core.windows.net/private/org-Zgr8i5iBTabhj2Hq1bklwbWN/user-TeaXVWX53sHCB2Knf4hDhCmh/img-z9rZsUsU6tJoKkUfEj1Nwn2q.png?st=2025-11-24T09%3A42%3A46Z&se=2025-11-24T11%3A42%3A46Z&sp=r&sv=2024-08-04&sr=b&rscd=inline&rsct=image/png&skoid=475fd488-6c59-44a5-9aa9-31c4db451bea&sktid=a48cca56-e6da-484e-a814-9c849652bcb3&skt=2025-11-24T10%3A42%3A46Z&ske=2025-11-25T10%3A42%3A46Z&sks=b&skv=2024-08-04&sig=Zg5QTFNNQPfj%2BpC/SyEzg%2BB9oOBDzk9CYj0CQDic67s%3D
✓ Saved to: /home/tsonu/src/penguin-history/world-gen/output/images/faction_the_midnight_claws_1763980966895.png

=== Generating Image for High-Beak Auditor Selka ===Entity: npc:mayorPrompt: Geographic atlas illustration from a frozen Antarctic world inhabited by super-intelligent penguins dwelling upon colossal ice formations. Field guide portrait: anthropomorphic penguin specimen displaying remarkable intelligence and distinct character.

High-Beak Auditor Selka: Meticulous mayor of Aurora Stack, balancing ledgers with the precision of ice-wall navigation. Covenant of the Ice member controlling three ley nexuses, bridging Aurora Stack and Nightfall Shelf interests. A respected colony leader, shown with symbols of authority.

Style: Illustrated geographic atlas or field guide style, hand-painted watercolor and ink aesthetic, dramatic lighting, Antarctic color palette (deep blues, ice whites, seafoam teals, aurora purples). Museum-quality natural history illustration. Character portrait in naturalist field guide style, detailed feather texture, expressive pose, scientific illustration quality.

IMPORTANT: No text, labels, words, letters, titles, captions, or written language of any kind. Pure visual imagery only. No typography or lettering.
✓ Image generated: https://oaidalleapiprodscus.blob.core.windows.net/private/org-Zgr8i5iBTabhj2Hq1bklwbWN/user-TeaXVWX53sHCB2Knf4hDhCmh/img-cq5c1yimvCLGKTXvpJZLujNE.png?st=2025-11-24T09%3A43%3A07Z&se=2025-11-24T11%3A43%3A07Z&sp=r&sv=2024-08-04&sr=b&rscd=inline&rsct=image/png&skoid=e12db1aa-1007-44fd-8388-3a70fd6a4956&sktid=a48cca56-e6da-484e-a814-9c849652bcb3&skt=2025-11-24T04%3A09%3A22Z&ske=2025-11-25T04%3A09%3A22Z&sks=b&skv=2024-08-04&sig=rm0BiS%2BWwnzO3KzYhcTIeUX5ZLeucMOPHn%2BTdYovJtQ%3D
✓ Saved to: /home/tsonu/src/penguin-history/world-gen/output/images/npc_high_beak_auditor_selka_1763980986858.png

=== Generating Image for Tide-Splitter Rukan ===Entity: npc:heroPrompt: Geographic atlas illustration from a frozen Antarctic world inhabited by super-intelligent penguins dwelling upon colossal ice formations. Field guide portrait: anthropomorphic penguin specimen displaying remarkable intelligence and distinct character.

Tide-Splitter Rukan: Daring Aurora Stack hero of The Icebound Exchange, whose experimental harmonic harpoon techniques doubled colony catches. Champion of The Equal Ice Movement, discovering Glow Bond and Ice Sight innovations. A legendary penguin hero, depicted in a heroic, larger-than-life pose.

Style: Illustrated geographic atlas or field guide style, hand-painted watercolor and ink aesthetic, dramatic lighting, Antarctic color palette (deep blues, ice whites, seafoam teals, aurora purples). Museum-quality natural history illustration. Character portrait in naturalist field guide style, detailed feather texture, expressive pose, scientific illustration quality.

IMPORTANT: No text, labels, words, letters, titles, captions, or written language of any kind. Pure visual imagery only. No typography or lettering.
✓ Image generated: https://oaidalleapiprodscus.blob.core.windows.net/private/org-Zgr8i5iBTabhj2Hq1bklwbWN/user-TeaXVWX53sHCB2Knf4hDhCmh/img-frqQmobd48w0Pm62mp4F6PRD.png?st=2025-11-24T09%3A43%3A29Z&se=2025-11-24T11%3A43%3A29Z&sp=r&sv=2024-08-04&sr=b&rscd=inline&rsct=image/png&skoid=e12db1aa-1007-44fd-8388-3a70fd6a4956&sktid=a48cca56-e6da-484e-a814-9c849652bcb3&skt=2025-11-24T09%3A21%3A13Z&ske=2025-11-25T09%3A21%3A13Z&sks=b&skv=2024-08-04&sig=ckKVqnhjxoGT8M7034ZOf5FKKNS6SU8NRgViKv%2B/h8A%3D
✓ Saved to: /home/tsonu/src/penguin-history/world-gen/output/images/npc_tide_splitter_rukan_1763981008895.png

=== Generating Image for Shadow-Broker Nyla ===Entity: npc:mayorPrompt: Geographic atlas illustration from a frozen Antarctic world inhabited by super-intelligent penguins dwelling upon colossal ice formations. Field guide portrait: anthropomorphic penguin specimen displaying remarkable intelligence and distinct character.

Shadow-Broker Nyla: Veiled unofficial mayor of Nightfall Shelf, settling disputes before acknowledgment. Circle of the Ice member controlling three ethereal sites, influencing 45 events through shadow diplomacy and economic leverage. A respected colony leader, shown with symbols of authority.

Style: Illustrated geographic atlas or field guide style, hand-painted watercolor and ink aesthetic, dramatic lighting, Antarctic color palette (deep blues, ice whites, seafoam teals, aurora purples). Museum-quality natural history illustration. Character portrait in naturalist field guide style, detailed feather texture, expressive pose, scientific illustration quality.

IMPORTANT: No text, labels, words, letters, titles, captions, or written language of any kind. Pure visual imagery only. No typography or lettering.
✓ Image generated: https://oaidalleapiprodscus.blob.core.windows.net/private/org-Zgr8i5iBTabhj2Hq1bklwbWN/user-TeaXVWX53sHCB2Knf4hDhCmh/img-IoTihu0AojwkaZGvtFA6Yksa.png?st=2025-11-24T09%3A44%3A05Z&se=2025-11-24T11%3A44%3A05Z&sp=r&sv=2024-08-04&sr=b&rscd=inline&rsct=image/png&skoid=67205dde-9780-4119-bbff-6343b48e42b6&sktid=a48cca56-e6da-484e-a814-9c849652bcb3&skt=2025-11-24T10%3A02%3A38Z&ske=2025-11-25T10%3A02%3A38Z&sks=b&skv=2024-08-04&sig=vg1702D5t3YuiSqRO0lpp6QVLgaGbIvtbvQugrb/6hg%3D
✓ Saved to: /home/tsonu/src/penguin-history/world-gen/output/images/npc_shadow_broker_nyla_1763981044961.png

=== Generating Image for Fissure-Walker Draen ===Entity: npc:heroPrompt: Geographic atlas illustration from a frozen Antarctic world inhabited by super-intelligent penguins dwelling upon colossal ice formations. Field guide portrait: anthropomorphic penguin specimen displaying remarkable intelligence and distinct character.

Fissure-Walker Draen: Reckless Nightfall Shelf hero walking the Glow-Fissure's lip to draw forbidden power. Midnight Claws member practicing fissure-drawn runes, discovering Glow Ward and Glow Sight for The New Thinkers movement. A legendary penguin hero, depicted in a heroic, larger-than-life pose.

Style: Illustrated geographic atlas or field guide style, hand-painted watercolor and ink aesthetic, dramatic lighting, Antarctic color palette (deep blues, ice whites, seafoam teals, aurora purples). Museum-quality natural history illustration. Character portrait in naturalist field guide style, detailed feather texture, expressive pose, scientific illustration quality.

IMPORTANT: No text, labels, words, letters, titles, captions, or written language of any kind. Pure visual imagery only. No typography or lettering.
✓ Image generated: https://oaidalleapiprodscus.blob.core.windows.net/private/org-Zgr8i5iBTabhj2Hq1bklwbWN/user-TeaXVWX53sHCB2Knf4hDhCmh/img-a2pQQt7a9702YpHU5hbXxZIh.png?st=2025-11-24T09%3A44%3A40Z&se=2025-11-24T11%3A44%3A40Z&sp=r&sv=2024-08-04&sr=b&rscd=inline&rsct=image/png&skoid=52f8f7b3-ca8d-4b21-9807-8b9df114d84c&sktid=a48cca56-e6da-484e-a814-9c849652bcb3&skt=2025-11-24T03%3A12%3A18Z&ske=2025-11-25T03%3A12%3A18Z&sks=b&skv=2024-08-04&sig=VxxVmYRMNqij2V%2BOLF3rJDJ80/dbSG4y%2BENVz1AGkyo%3D
✓ Saved to: /home/tsonu/src/penguin-history/world-gen/output/images/npc_fissure_walker_draen_1763981080127.png

=== Generating Image for Harmonic Harpoon Arrays ===Entity: abilities:technologyPrompt: Geographic atlas illustration from a frozen Antarctic world inhabited by super-intelligent penguins dwelling upon colossal ice formations. Phenomenon illustration: mystical or technological forces manifesting through visual energy and environmental effects.

Harmonic Harpoon Arrays: Communal fishing technology firing sonic-locked harpoons to reel entire krill shoals effortlessly. Deployed at Krill Shoals and Aurora Stack. Highly influential (63 events), representing new-era technological innovation over old ice magic. Advanced penguin technology, shown as ice-carved devices or tools.

Style: Illustrated geographic atlas or field guide style, hand-painted watercolor and ink aesthetic, dramatic lighting, Antarctic color palette (deep blues, ice whites, seafoam teals, aurora purples). Museum-quality natural history illustration. Abstract phenomenon illustration, ethereal effects, mystical energy visualization, scientific diagram aesthetic.

IMPORTANT: No text, labels, words, letters, titles, captions, or written language of any kind. Pure visual imagery only. No typography or lettering.
✓ Image generated: https://oaidalleapiprodscus.blob.core.windows.net/private/org-Zgr8i5iBTabhj2Hq1bklwbWN/user-TeaXVWX53sHCB2Knf4hDhCmh/img-QXf6wVBs8joWa6m7rS2tPPMu.png?st=2025-11-24T09%3A44%3A55Z&se=2025-11-24T11%3A44%3A55Z&sp=r&sv=2024-08-04&sr=b&rscd=inline&rsct=image/png&skoid=e12db1aa-1007-44fd-8388-3a70fd6a4956&sktid=a48cca56-e6da-484e-a814-9c849652bcb3&skt=2025-11-24T10%3A29%3A17Z&ske=2025-11-25T10%3A29%3A17Z&sks=b&skv=2024-08-04&sig=vwTJmrRnO3uxE5Y8piKxiA92DLByidQuLKlxvldNZP4%3D
✓ Saved to: /home/tsonu/src/penguin-history/world-gen/output/images/abilities_harmonic_harpoon_arrays_1763981095342.png

=== Generating Image for Luminath's Rupture ===Entity: location:anomalyPrompt: Geographic atlas illustration from a frozen Antarctic world inhabited by super-intelligent penguins dwelling upon colossal ice formations. Cartographic vista: dramatic ice formation within the vast Antarctic seascape surrounding the towering Aurora Berg.

Luminath's Rupture: A mythic anomaly where Fissure-Drawn Runes manifest with unnatural intensity. Trades flow through this rupture to distant krill grounds and abyssal reaches, drawing seekers of ancient power during The Frozen Peace. A mysterious, otherworldly location with strange phenomena.

Style: Illustrated geographic atlas or field guide style, hand-painted watercolor and ink aesthetic, dramatic lighting, Antarctic color palette (deep blues, ice whites, seafoam teals, aurora purples). Museum-quality natural history illustration. Cartographic landscape illustration, wide establishing view, atmospheric depth, topographic detail, sense of scale and grandeur.

IMPORTANT: No text, labels, words, letters, titles, captions, or written language of any kind. Pure visual imagery only. No typography or lettering.
✓ Image generated: https://oaidalleapiprodscus.blob.core.windows.net/private/org-Zgr8i5iBTabhj2Hq1bklwbWN/user-TeaXVWX53sHCB2Knf4hDhCmh/img-bmgP5V8cy0XvRNgIw67qp4TJ.png?st=2025-11-24T09%3A45%3A29Z&se=2025-11-24T11%3A45%3A29Z&sp=r&sv=2024-08-04&sr=b&rscd=inline&rsct=image/png&skoid=475fd488-6c59-44a5-9aa9-31c4db451bea&sktid=a48cca56-e6da-484e-a814-9c849652bcb3&skt=2025-11-24T10%3A45%3A29Z&ske=2025-11-25T10%3A45%3A29Z&sks=b&skv=2024-08-04&sig=80OdmAA85tjBSrmg3GIET/NZEcPxPaICIx9JSCH4g2U%3D
✓ Saved to: /home/tsonu/src/penguin-history/world-gen/output/images/location_luminath_s_rupture_1763981129638.png

=== Generating Image for Whisperbound Shelf ===Entity: location:anomalyPrompt: Geographic atlas illustration from a frozen Antarctic world inhabited by super-intelligent penguins dwelling upon colossal ice formations. Cartographic vista: dramatic ice formation within the vast Antarctic seascape surrounding the towering Aurora Berg.

Whisperbound Shelf: A mysterious phenomenon adjacent to Krill Shoals, where whispers echo across ice. The Glacial Remembrance controls this renowned anomaly, blending commerce with ancestral memory. A mysterious, otherworldly location with strange phenomena.

Style: Illustrated geographic atlas or field guide style, hand-painted watercolor and ink aesthetic, dramatic lighting, Antarctic color palette (deep blues, ice whites, seafoam teals, aurora purples). Museum-quality natural history illustration. Cartographic landscape illustration, wide establishing view, atmospheric depth, topographic detail, sense of scale and grandeur.

IMPORTANT: No text, labels, words, letters, titles, captions, or written language of any kind. Pure visual imagery only. No typography or lettering.
✓ Image generated: https://oaidalleapiprodscus.blob.core.windows.net/private/org-Zgr8i5iBTabhj2Hq1bklwbWN/user-TeaXVWX53sHCB2Knf4hDhCmh/img-mGwhGOzGIZmyOFuFvXEHSf0j.png?st=2025-11-24T09%3A46%3A02Z&se=2025-11-24T11%3A46%3A02Z&sp=r&sv=2024-08-04&sr=b&rscd=inline&rsct=image/png&skoid=7aed557a-269d-4dda-ab8b-c66e34024151&sktid=a48cca56-e6da-484e-a814-9c849652bcb3&skt=2025-11-24T10%3A46%3A02Z&ske=2025-11-25T10%3A46%3A02Z&sks=b&skv=2024-08-04&sig=BsHFiKGBo4EUWdwHewO8vRnvwsHXbKSpUOJwNhl6k9Y%3D
✓ Saved to: /home/tsonu/src/penguin-history/world-gen/output/images/location_whisperbound_shelf_1763981163305.png

=== Generating Image for The Glacial Remembrance ===Entity: faction:cultPrompt: Geographic atlas illustration from a frozen Antarctic world inhabited by super-intelligent penguins dwelling upon colossal ice formations. Symbolic heraldry: visual representation of a penguin collective through emblematic imagery and compositional elements.

The Glacial Remembrance: A mythic cult split from The Midnight Claws, controlling Aurora Stack and Nightfall Shelf. They practice Fissure-Drawn Runes and Harmonic Harpoons, warring with The Icebound Exchange while trading with traditional councils. A mystical group, shown with magical or spiritual symbolism.

Style: Illustrated geographic atlas or field guide style, hand-painted watercolor and ink aesthetic, dramatic lighting, Antarctic color palette (deep blues, ice whites, seafoam teals, aurora purples). Museum-quality natural history illustration. Symbolic heraldry or group composition, emblematic design, visual identity through imagery alone.

IMPORTANT: No text, labels, words, letters, titles, captions, or written language of any kind. Pure visual imagery only. No typography or lettering.
✓ Image generated: https://oaidalleapiprodscus.blob.core.windows.net/private/org-Zgr8i5iBTabhj2Hq1bklwbWN/user-TeaXVWX53sHCB2Knf4hDhCmh/img-kYFO2SsTFldw8dY9koyleNVo.png?st=2025-11-24T09%3A46%3A20Z&se=2025-11-24T11%3A46%3A20Z&sp=r&sv=2024-08-04&sr=b&rscd=inline&rsct=image/png&skoid=52f8f7b3-ca8d-4b21-9807-8b9df114d84c&sktid=a48cca56-e6da-484e-a814-9c849652bcb3&skt=2025-11-24T10%3A46%3A20Z&ske=2025-11-25T10%3A46%3A20Z&sks=b&skv=2024-08-04&sig=xI4U8JJCKQovNuvz9R0uKmxhb8LYzjrgdE9hE40YSiI%3D
✓ Saved to: /home/tsonu/src/penguin-history/world-gen/output/images/faction_the_glacial_remembrance_1763981180405.png

=== Generating Image for Veilstone Convergence ===Entity: location:anomalyPrompt: Geographic atlas illustration from a frozen Antarctic world inhabited by super-intelligent penguins dwelling upon colossal ice formations. Cartographic vista: dramatic ice formation within the vast Antarctic seascape surrounding the towering Aurora Berg.

Veilstone Convergence: A mythic ley nexus adjacent to The Glow-Fissure, manifesting raw magical energies. Controlled by The Glacial Remembrance, it pulses with ice magic requiring deep meditation and bearing fever's cost. A mysterious, otherworldly location with strange phenomena.

Style: Illustrated geographic atlas or field guide style, hand-painted watercolor and ink aesthetic, dramatic lighting, Antarctic color palette (deep blues, ice whites, seafoam teals, aurora purples). Museum-quality natural history illustration. Cartographic landscape illustration, wide establishing view, atmospheric depth, topographic detail, sense of scale and grandeur.

IMPORTANT: No text, labels, words, letters, titles, captions, or written language of any kind. Pure visual imagery only. No typography or lettering.
✓ Image generated: https://oaidalleapiprodscus.blob.core.windows.net/private/org-Zgr8i5iBTabhj2Hq1bklwbWN/user-TeaXVWX53sHCB2Knf4hDhCmh/img-K3xuP4fOWXInZItwJvEtFVKH.png?st=2025-11-24T09%3A46%3A46Z&se=2025-11-24T11%3A46%3A46Z&sp=r&sv=2024-08-04&sr=b&rscd=inline&rsct=image/png&skoid=475fd488-6c59-44a5-9aa9-31c4db451bea&sktid=a48cca56-e6da-484e-a814-9c849652bcb3&skt=2025-11-24T10%3A46%3A46Z&ske=2025-11-25T10%3A46%3A46Z&sks=b&skv=2024-08-04&sig=QXJ5Q28pf9Cr7h3hHxGAteHd9/HeBpOKth%2Bm5r1U2iY%3D
✓ Saved to: /home/tsonu/src/penguin-history/world-gen/output/images/location_veilstone_convergence_1763981207118.png

=== Generating Image for Shadowpulse Grotto ===Entity: location:anomalyPrompt: Geographic atlas illustration from a frozen Antarctic world inhabited by super-intelligent penguins dwelling upon colossal ice formations. Cartographic vista: dramatic ice formation within the vast Antarctic seascape surrounding the towering Aurora Berg.

Shadowpulse Grotto: A renowned ley nexus near Krill Shoals, where bioluminescent ice pulses with mystical force. The Glacial Remembrance commands this grotto, blending innovation with ancestral memory traditions. A mysterious, otherworldly location with strange phenomena.

Style: Illustrated geographic atlas or field guide style, hand-painted watercolor and ink aesthetic, dramatic lighting, Antarctic color palette (deep blues, ice whites, seafoam teals, aurora purples). Museum-quality natural history illustration. Cartographic landscape illustration, wide establishing view, atmospheric depth, topographic detail, sense of scale and grandeur.

IMPORTANT: No text, labels, words, letters, titles, captions, or written language of any kind. Pure visual imagery only. No typography or lettering.
✓ Image generated: https://oaidalleapiprodscus.blob.core.windows.net/private/org-Zgr8i5iBTabhj2Hq1bklwbWN/user-TeaXVWX53sHCB2Knf4hDhCmh/img-bl6qbnk9svoJlJNXlTgvIJhB.png?st=2025-11-24T09%3A47%3A14Z&se=2025-11-24T11%3A47%3A14Z&sp=r&sv=2024-08-04&sr=b&rscd=inline&rsct=image/png&skoid=475fd488-6c59-44a5-9aa9-31c4db451bea&sktid=a48cca56-e6da-484e-a814-9c849652bcb3&skt=2025-11-23T19%3A31%3A37Z&ske=2025-11-24T19%3A31%3A37Z&sks=b&skv=2024-08-04&sig=L1HFw6vCqG63mJcFg3WMug%2BdcjfzRBA9OygGYyTzYhU%3D
✓ Saved to: /home/tsonu/src/penguin-history/world-gen/output/images/location_shadowpulse_grotto_1763981234324.png

=== Generating Image for Dusk Vigil Accord ===Entity: rules:socialPrompt: Geographic atlas illustration from a frozen Antarctic world inhabited by super-intelligent penguins dwelling upon colossal ice formations. Cultural iconography: symbolic visualization representing societal customs and traditions through allegorical imagery.

Dusk Vigil Accord: Emergency measure enacted in Nightfall Shelf during The Frozen Peace. Supersedes earlier protections, reflecting heightened tensions over fissure rights and artifact control in shadow-side ledges. A cultural norm or tradition, depicted through community imagery.

Style: Illustrated geographic atlas or field guide style, hand-painted watercolor and ink aesthetic, dramatic lighting, Antarctic color palette (deep blues, ice whites, seafoam teals, aurora purples). Museum-quality natural history illustration. Allegorical or symbolic imagery, cultural iconography, metaphorical visual representation.

IMPORTANT: No text, labels, words, letters, titles, captions, or written language of any kind. Pure visual imagery only. No typography or lettering.
✓ Image generated: https://oaidalleapiprodscus.blob.core.windows.net/private/org-Zgr8i5iBTabhj2Hq1bklwbWN/user-TeaXVWX53sHCB2Knf4hDhCmh/img-40cE6H1f7Vy0eo530sfMUJXc.png?st=2025-11-24T09%3A47%3A36Z&se=2025-11-24T11%3A47%3A36Z&sp=r&sv=2024-08-04&sr=b&rscd=inline&rsct=image/png&skoid=1726b4ce-fee1-450b-8b92-1731ad8745f6&sktid=a48cca56-e6da-484e-a814-9c849652bcb3&skt=2025-11-24T10%3A47%3A36Z&ske=2025-11-25T10%3A47%3A36Z&sks=b&skv=2024-08-04&sig=WncvCJm2RH/b/id8xW5uvbicoV2LWLtTMw1YuF%2BV7nw%3D
✓ Saved to: /home/tsonu/src/penguin-history/world-gen/output/images/rules_dusk_vigil_accord_1763981256444.png

=== Generating Image for Starfrost Abyssal ===Entity: location:anomalyPrompt: Geographic atlas illustration from a frozen Antarctic world inhabited by super-intelligent penguins dwelling upon colossal ice formations. Cartographic vista: dramatic ice formation within the vast Antarctic seascape surrounding the towering Aurora Berg.

Starfrost Abyssal: Mystical anomaly where Fissure-Drawn Runes manifest with unusual intensity. Adjacent to Shimmering Rift, this site draws trade from krill grounds and rupture zones, holding mystery and danger. A mysterious, otherworldly location with strange phenomena.

Style: Illustrated geographic atlas or field guide style, hand-painted watercolor and ink aesthetic, dramatic lighting, Antarctic color palette (deep blues, ice whites, seafoam teals, aurora purples). Museum-quality natural history illustration. Cartographic landscape illustration, wide establishing view, atmospheric depth, topographic detail, sense of scale and grandeur.

IMPORTANT: No text, labels, words, letters, titles, captions, or written language of any kind. Pure visual imagery only. No typography or lettering.
✓ Image generated: https://oaidalleapiprodscus.blob.core.windows.net/private/org-Zgr8i5iBTabhj2Hq1bklwbWN/user-TeaXVWX53sHCB2Knf4hDhCmh/img-syD1tIjI029ELhNIEhQYaIgC.png?st=2025-11-24T09%3A48%3A10Z&se=2025-11-24T11%3A48%3A10Z&sp=r&sv=2024-08-04&sr=b&rscd=inline&rsct=image/png&skoid=52f8f7b3-ca8d-4b21-9807-8b9df114d84c&sktid=a48cca56-e6da-484e-a814-9c849652bcb3&skt=2025-11-24T10%3A48%3A10Z&ske=2025-11-25T10%3A48%3A10Z&sks=b&skv=2024-08-04&sig=ihjSMsR9M2hM39Iplou4%2B%2Btj/SXolOiT/o4qUJdhZXE%3D
✓ Saved to: /home/tsonu/src/penguin-history/world-gen/output/images/location_starfrost_abyssal_1763981291032.png

=== Generating Image for Krynthos' Hollow ===Entity: location:anomalyPrompt: Geographic atlas illustration from a frozen Antarctic world inhabited by super-intelligent penguins dwelling upon colossal ice formations. Cartographic vista: dramatic ice formation within the vast Antarctic seascape surrounding the towering Aurora Berg.

Krynthos' Hollow: A mythic anomaly where Fissure-Drawn Runes manifest with unusual intensity. Trades flow between South Roost, Wavehunter Krill Grounds, and distant shelves. Ancient power dwells here, drawing seekers and merchants alike to its mysterious depths. A mysterious, otherworldly location with strange phenomena.

Style: Illustrated geographic atlas or field guide style, hand-painted watercolor and ink aesthetic, dramatic lighting, Antarctic color palette (deep blues, ice whites, seafoam teals, aurora purples). Museum-quality natural history illustration. Cartographic landscape illustration, wide establishing view, atmospheric depth, topographic detail, sense of scale and grandeur.

IMPORTANT: No text, labels, words, letters, titles, captions, or written language of any kind. Pure visual imagery only. No typography or lettering.
✓ Image generated: https://oaidalleapiprodscus.blob.core.windows.net/private/org-Zgr8i5iBTabhj2Hq1bklwbWN/user-TeaXVWX53sHCB2Knf4hDhCmh/img-GxNStXOma78t7sRNBoBbWHrN.png?st=2025-11-24T09%3A48%3A40Z&se=2025-11-24T11%3A48%3A40Z&sp=r&sv=2024-08-04&sr=b&rscd=inline&rsct=image/png&skoid=475fd488-6c59-44a5-9aa9-31c4db451bea&sktid=a48cca56-e6da-484e-a814-9c849652bcb3&skt=2025-11-24T10%3A48%3A40Z&ske=2025-11-25T10%3A48%3A40Z&sks=b&skv=2024-08-04&sig=WmA6x%2BYQNrGVSl4OHnqu1AKbXqFjbk7d7bIOUzCbHJg%3D
✓ Saved to: /home/tsonu/src/penguin-history/world-gen/output/images/location_krynthos_hollow_1763981320632.png

=== Generating Image for The Great Thaw ===Entity: era:expansionPrompt: Geographic atlas illustration from a frozen Antarctic world inhabited by super-intelligent penguins dwelling upon colossal ice formations. 

The Great Thaw: A period of exploration and colony founding as the ice recedes

Style: Illustrated geographic atlas or field guide style, hand-painted watercolor and ink aesthetic, dramatic lighting, Antarctic color palette (deep blues, ice whites, seafoam teals, aurora purples). Museum-quality natural history illustration. 

IMPORTANT: No text, labels, words, letters, titles, captions, or written language of any kind. Pure visual imagery only. No typography or lettering.
✓ Image generated: https://oaidalleapiprodscus.blob.core.windows.net/private/org-Zgr8i5iBTabhj2Hq1bklwbWN/user-TeaXVWX53sHCB2Knf4hDhCmh/img-Rnjhtaog1Di0gUV6lL50nLya.png?st=2025-11-24T09%3A48%3A59Z&se=2025-11-24T11%3A48%3A59Z&sp=r&sv=2024-08-04&sr=b&rscd=inline&rsct=image/png&skoid=52f8f7b3-ca8d-4b21-9807-8b9df114d84c&sktid=a48cca56-e6da-484e-a814-9c849652bcb3&skt=2025-11-24T03%3A12%3A36Z&ske=2025-11-25T03%3A12%3A36Z&sks=b&skv=2024-08-04&sig=ANUa6XdW4j6F8PIDkM%2Bb4Lb25md%2B8k2cCZLMc3fg6vk%3D
✓ Saved to: /home/tsonu/src/penguin-history/world-gen/output/images/era_the_great_thaw_1763981339426.png

=== Generating Image for The Faction Wars ===Entity: era:conflictPrompt: Geographic atlas illustration from a frozen Antarctic world inhabited by super-intelligent penguins dwelling upon colossal ice formations. 

The Faction Wars: Resource scarcity leads to inter-colony conflicts

Style: Illustrated geographic atlas or field guide style, hand-painted watercolor and ink aesthetic, dramatic lighting, Antarctic color palette (deep blues, ice whites, seafoam teals, aurora purples). Museum-quality natural history illustration. 

IMPORTANT: No text, labels, words, letters, titles, captions, or written language of any kind. Pure visual imagery only. No typography or lettering.
✓ Image generated: https://oaidalleapiprodscus.blob.core.windows.net/private/org-Zgr8i5iBTabhj2Hq1bklwbWN/user-TeaXVWX53sHCB2Knf4hDhCmh/img-4hjjydOUpLzDTCrDufJGq1tS.png?st=2025-11-24T09%3A49%3A16Z&se=2025-11-24T11%3A49%3A16Z&sp=r&sv=2024-08-04&sr=b&rscd=inline&rsct=image/png&skoid=52f8f7b3-ca8d-4b21-9807-8b9df114d84c&sktid=a48cca56-e6da-484e-a814-9c849652bcb3&skt=2025-11-24T04%3A27%3A14Z&ske=2025-11-25T04%3A27%3A14Z&sks=b&skv=2024-08-04&sig=P4IFnmwDJ3ov/5cNWDuijwZtPkj54%2BrAPVRk8RH3cko%3D
✓ Saved to: /home/tsonu/src/penguin-history/world-gen/output/images/era_the_faction_wars_1763981355847.png

=== Generating Image for The Clever Ice Age ===Entity: era:innovationPrompt: Geographic atlas illustration from a frozen Antarctic world inhabited by super-intelligent penguins dwelling upon colossal ice formations. 

The Clever Ice Age: Technology and magic flourish as penguins seek solutions

Style: Illustrated geographic atlas or field guide style, hand-painted watercolor and ink aesthetic, dramatic lighting, Antarctic color palette (deep blues, ice whites, seafoam teals, aurora purples). Museum-quality natural history illustration. 

IMPORTANT: No text, labels, words, letters, titles, captions, or written language of any kind. Pure visual imagery only. No typography or lettering.
✓ Image generated: https://oaidalleapiprodscus.blob.core.windows.net/private/org-Zgr8i5iBTabhj2Hq1bklwbWN/user-TeaXVWX53sHCB2Knf4hDhCmh/img-Ab4DT5KmN8VUFI2u9uKX5uYj.png?st=2025-11-24T09%3A49%3A37Z&se=2025-11-24T11%3A49%3A37Z&sp=r&sv=2024-08-04&sr=b&rscd=inline&rsct=image/png&skoid=67205dde-9780-4119-bbff-6343b48e42b6&sktid=a48cca56-e6da-484e-a814-9c849652bcb3&skt=2025-11-24T09%3A25%3A21Z&ske=2025-11-25T09%3A25%3A21Z&sks=b&skv=2024-08-04&sig=LLKuY2LSgJshcg2nIyoD108dmntC3/r0JgCBKZc5OiY%3D
✓ Saved to: /home/tsonu/src/penguin-history/world-gen/output/images/era_the_clever_ice_age_1763981377127.png

=== Generating Image for The Orca Incursion ===Entity: era:invasionPrompt: Geographic atlas illustration from a frozen Antarctic world inhabited by super-intelligent penguins dwelling upon colossal ice formations. 

The Orca Incursion: External threats unite the colonies against common enemies

Style: Illustrated geographic atlas or field guide style, hand-painted watercolor and ink aesthetic, dramatic lighting, Antarctic color palette (deep blues, ice whites, seafoam teals, aurora purples). Museum-quality natural history illustration. 

IMPORTANT: No text, labels, words, letters, titles, captions, or written language of any kind. Pure visual imagery only. No typography or lettering.
✓ Image generated: https://oaidalleapiprodscus.blob.core.windows.net/private/org-Zgr8i5iBTabhj2Hq1bklwbWN/user-TeaXVWX53sHCB2Knf4hDhCmh/img-dpLQNRMXzDKav7yHneQiqMtZ.png?st=2025-11-24T09%3A49%3A54Z&se=2025-11-24T11%3A49%3A54Z&sp=r&sv=2024-08-04&sr=b&rscd=inline&rsct=image/png&skoid=52f8f7b3-ca8d-4b21-9807-8b9df114d84c&sktid=a48cca56-e6da-484e-a814-9c849652bcb3&skt=2025-11-24T10%3A49%3A54Z&ske=2025-11-25T10%3A49%3A54Z&sks=b&skv=2024-08-04&sig=aNSgP3ciNwDSyVs36RQR5oQW7gb19NoYL2LBlAn2JsM%3D
✓ Saved to: /home/tsonu/src/penguin-history/world-gen/output/images/era_the_orca_incursion_1763981395080.png

=== Generating Image for Aether-Plunge Sanctuary ===Entity: location:anomalyPrompt: Geographic atlas illustration from a frozen Antarctic world inhabited by super-intelligent penguins dwelling upon colossal ice formations. Cartographic vista: dramatic ice formation within the vast Antarctic seascape surrounding the towering Aurora Berg.

Aether-Plunge Sanctuary: Mythic cavern adjacent to The Glow-Fissure, manifesting concentrated ice magic. Bioluminescent formations suggest pre-penguin origins. Nightfall Shelf considers it sacred; Aurora Stack seeks its secrets for trade advantage. A mysterious, otherworldly location with strange phenomena.

Style: Illustrated geographic atlas or field guide style, hand-painted watercolor and ink aesthetic, dramatic lighting, Antarctic color palette (deep blues, ice whites, seafoam teals, aurora purples). Museum-quality natural history illustration. Cartographic landscape illustration, wide establishing view, atmospheric depth, topographic detail, sense of scale and grandeur.

IMPORTANT: No text, labels, words, letters, titles, captions, or written language of any kind. Pure visual imagery only. No typography or lettering.
✓ Image generated: https://oaidalleapiprodscus.blob.core.windows.net/private/org-Zgr8i5iBTabhj2Hq1bklwbWN/user-TeaXVWX53sHCB2Knf4hDhCmh/img-tNpcJTUwrqUTljh2IC3IJZd6.png?st=2025-11-24T09%3A50%3A11Z&se=2025-11-24T11%3A50%3A11Z&sp=r&sv=2024-08-04&sr=b&rscd=inline&rsct=image/png&skoid=e12db1aa-1007-44fd-8388-3a70fd6a4956&sktid=a48cca56-e6da-484e-a814-9c849652bcb3&skt=2025-11-24T09%3A34%3A26Z&ske=2025-11-25T09%3A34%3A26Z&sks=b&skv=2024-08-04&sig=8Y2TI3outDQSWEyDOzBBtenfpSiEcB3AD9%2B/ECD1c7Q%3D
✓ Saved to: /home/tsonu/src/penguin-history/world-gen/output/images/location_aether_plunge_sanctuary_1763981410883.png

=== Generating Image for Fracture of Endless Silence ===Entity: location:anomalyPrompt: Geographic atlas illustration from a frozen Antarctic world inhabited by super-intelligent penguins dwelling upon colossal ice formations. Cartographic vista: dramatic ice formation within the vast Antarctic seascape surrounding the towering Aurora Berg.

Fracture of Endless Silence: Mysterious fissure near Nightfall Shelf where sound dies unnaturally. Connected to Stormborn Collision-Point and Blizzardcaller Shrine. Legends speak of lost expeditions vanishing here; ice magic costs escalate nearby. A mysterious, otherworldly location with strange phenomena.

Style: Illustrated geographic atlas or field guide style, hand-painted watercolor and ink aesthetic, dramatic lighting, Antarctic color palette (deep blues, ice whites, seafoam teals, aurora purples). Museum-quality natural history illustration. Cartographic landscape illustration, wide establishing view, atmospheric depth, topographic detail, sense of scale and grandeur.

IMPORTANT: No text, labels, words, letters, titles, captions, or written language of any kind. Pure visual imagery only. No typography or lettering.
✓ Image generated: https://oaidalleapiprodscus.blob.core.windows.net/private/org-Zgr8i5iBTabhj2Hq1bklwbWN/user-TeaXVWX53sHCB2Knf4hDhCmh/img-eZRXZKoWtb1xppU1kW7Mp7Ss.png?st=2025-11-24T09%3A50%3A47Z&se=2025-11-24T11%3A50%3A47Z&sp=r&sv=2024-08-04&sr=b&rscd=inline&rsct=image/png&skoid=475fd488-6c59-44a5-9aa9-31c4db451bea&sktid=a48cca56-e6da-484e-a814-9c849652bcb3&skt=2025-11-24T10%3A50%3A47Z&ske=2025-11-25T10%3A50%3A47Z&sks=b&skv=2024-08-04&sig=O0dyx6KAYGhVOsK%2Bf4tAmp%2Bsjh%2BB9HORcMT0PMTD/1g%3D
✓ Saved to: /home/tsonu/src/penguin-history/world-gen/output/images/location_fracture_of_endless_silence_1763981448000.png

=== Generating Image for Stormborn Collision-Point ===Entity: location:anomalyPrompt: Geographic atlas illustration from a frozen Antarctic world inhabited by super-intelligent penguins dwelling upon colossal ice formations. Cartographic vista: dramatic ice formation within the vast Antarctic seascape surrounding the towering Aurora Berg.

Stormborn Collision-Point: Mythic convergence of magical energies between Fracture of Endless Silence and Dark Echo. Windward Ridge scouts report extreme aurora activity here. Dangerous for expeditions; ice fever risk is severe. A mysterious, otherworldly location with strange phenomena.

Style: Illustrated geographic atlas or field guide style, hand-painted watercolor and ink aesthetic, dramatic lighting, Antarctic color palette (deep blues, ice whites, seafoam teals, aurora purples). Museum-quality natural history illustration. Cartographic landscape illustration, wide establishing view, atmospheric depth, topographic detail, sense of scale and grandeur.

IMPORTANT: No text, labels, words, letters, titles, captions, or written language of any kind. Pure visual imagery only. No typography or lettering.
