=== Name Change Log - 2025-11-24T10:21:21.199Z ===

[Tick 150] rules_1000 (rules): "Nightfall Shelf Defense social" → "The Sentinel's Vigil"
[Tick 150] rules_1001 (rules): "Fissure Light Dance" → "Luminescence Accord"
[Tick 150] rules_1002 (rules): "Nightfall Shelf Rationing taboo" → "Voidtaste Prohibition"
[Tick 150] abilities_1003 (abilities): "Improved Fishing Tech" → "Deepwater Harvesting"
[Tick 150] location_1004 (location): "Frost-Light Grotto" → "Shimmerchasm Cavern"
[Tick 150] location_1005 (location): "Driftwatcher Mystical Shrine" → "The Altar of Drifts"
[Tick 150] abilities_1006 (abilities): "Ice-Melt Refinement" → "Thermal Fracture Mastery"
[Tick 150] location_1007 (location): "Crystalhunter Ley Nexus" → "Luminarch's Confluence"
[Tick 150] faction_1008 (faction): "Circle of the Fissure" → "The Rift Keepers"
[Tick 150] npc_1009 (npc): "Mystic Icecaller" → "Frostwhisper the Unbounded"
[Tick 150] location_1010 (location): "The Whispering Ice" → "Murmurpeak"
[Tick 150] location_1011 (location): "The Glowing Depths" → "The Abyssal Radiance"
[Tick 150] rules_1012 (rules): "Nightfall Shelf Defense social" → "Echoing Protectorate Doctrine"
[Tick 150] abilities_1013 (abilities): "Advanced Navigation Tech" → "Star-Path Reading"
[Tick 150] abilities_1014 (abilities): "Frost-Hardened Tools" → "Ironbound Craftsmanship"
[Tick 150] faction_1022 (faction): "Circle of the Fissure" → "Obsidian Congregation"
[Tick 150] npc_1023 (npc): "Mystic Icehunter" → "Krell Stormbreaker"
[Tick 150] location_1024 (location): "Frozen Vortex" → "The Splinterglass Abyss"
[Tick 150] abilities_1025 (abilities): "Thermal Preservation Arrays" → "Cryogenic Vessel Lattice"
[Tick 150] abilities_1026 (abilities): "Echo-Location Nets" → "Resonance Snare Protocol"
[Tick 150] location_1027 (location): "Frozen Echo" → "Whisperfall Cascade"
[Tick 150] abilities_1028 (abilities): "Improved Ice Tech" → "Glacial Binding Apparatus"
[Tick 150] abilities_1029 (abilities): "Ice Bond" → "Winterkin Symbiosis"
[Tick 150] faction_1030 (faction): "Covenant of the Ice" → "The Permafrost Collective"
[Tick 150] npc_1031 (npc): "Mystic Icebreaker" → "Nerida Icewell"
[Tick 150] location_1032 (location): "Glintsinger Magical Convergence" → "Starborne Chasm of Resonance"
[Tick 150] location_1033 (location): "Blizzarddiver Magical Convergence" → "The Howling Threshold"
[Tick 150] rules_1034 (rules): "Founders Festival" → "Rite of the First Thaw"
[Tick 150] abilities_1035 (abilities): "Enhanced Ice Tech" → "Permafrost Amplification Core"
[Tick 150] location_1036 (location): "Frost-Light Grotto" → "Luminvault Hollows"
[Tick 150] faction_1037 (faction): "Order of the Depths" → "The Abyssal Seekers' Covenant"
[Tick 150] npc_1038 (npc): "Prophet Floefisher" → "Glacierpulse Deepcaller"
[Tick 150] abilities_1039 (abilities): "Advanced Ice Drilling" → "Borepoint Extraction"
[Tick 150] faction_1040 (faction): "Covenant of the Depths" → "The Sunken Vigil"
[Tick 150] npc_1041 (npc): "Seer Glacierbeak" → "Icewhisker Tidecaller"
[Tick 150] rules_1042 (rules): "Krill Bloom Feast" → "The Swarm's Generosity"
[Tick 150] location_1043 (location): "Shimmering Vortex" → "Prism-Wake Nexus"
[Tick 150] abilities_1044 (abilities): "Crystalline Storage Vaults" → "Latticed Preservation"
[Tick 150] faction_1045 (faction): "Circle of the Depths" → "Keepers of Songlines"
[Tick 150] npc_1046 (npc): "Seer Frostfisher" → "Frostpeak Deepseeker"
[Tick 150] abilities_1047 (abilities): "Glow Ward" → "Radiance Shroud"
[Tick 150] location_1048 (location): "Ethereal Shelf" → "The Cloudbreak Shelf"
[Tick 150] rules_1049 (rules): "Nightfall Shelf Protection edict" → "Twilight Vigil Mandate"
[Tick 150] rules_1050 (rules): "Nightfall Shelf Protection social" → "The Darkwatch Compact"
[Tick 150] rules_1051 (rules): "Nightfall Shelf Protection social" → "Shelterbound Accord"
[Tick 150] location_1052 (location): "Shimmering Vortex" → "Spiraling Luminous Deep"
[Tick 150] rules_1053 (rules): "Aurora Peak Celebration" → "Festival of Ascending Lights"
[Tick 150] faction_1054 (faction): "Order of the Depths" → "The Veilbound Descent"
[Tick 150] npc_1055 (npc): "Prophet Wavekeeper" → "Frostwhisper Tidebringer"
[Tick 150] location_1059 (location): "Shimmercaller Magical Convergence" → "Opalmouth Rupture"
[Tick 150] rules_1060 (rules): "Founders Festival" → "The Founding Feast Accord"
[Tick 150] rules_1061 (rules): "Fissure Light Dance" → "Cleavecall Luminescence"
[Tick 150] location_1062 (location): "Dark Vortex" → "Voidspiral Tidebreak"
[Tick 150] location_1063 (location): "Crystalwalker Mystical Shrine" → "Facetborn Sanctum"
[Tick 150] location_1064 (location): "Mystic Ice Cavern" → "Echoing Vault of Teeth"
[Tick 150] location_1065 (location): "The Shimmering Chasm" → "Mirrorsink Gorge"
[Tick 150] abilities_1066 (abilities): "Echo-Location Nets" → "Sonarweave Entanglement"
[Tick 150] faction_1067 (faction): "Covenant of the Depths" → "The Abyss-Touched Congregation"
[Tick 150] npc_1068 (npc): "Seer Aurorabreaker" → "Frostpeak Stormrender"
[Tick 150] rules_1069 (rules): "Aurora Stack Rationing social" → "Ration-Keeper's Vigil"
[Tick 150] location_1070 (location): "Aurorasinger Magical Convergence" → "Luminthread Confluence"
[Tick 150] abilities_1071 (abilities): "Frost Sight" → "Crystalline Seeing"
[Tick 150] rules_1072 (rules): "Aurora Stack Protection social" → "The Hoard-Guard Principle"
[Tick 150] location_1073 (location): "Crystalfisher Virgin Ledge" → "Scales & Starlight Ridge"
[Tick 150] abilities_1074 (abilities): "Sonic Fish Herding" → "Clickpulse Channeling"
[Tick 150] rules_1075 (rules): "Fissure Light Dance" → "The Luminous Fracture Accord"
[Tick 150] npc_1076 (npc): "Wise Driftcaller" → "Icecarver Moontide"
[Tick 150] abilities_1077 (abilities): "Glow Bond" → "Phosphor Weaving"
[Tick 150] npc_1078 (npc): "High Driftwing" → "Pearlshard Deepcaller"
[Tick 150] abilities_1079 (abilities): "Ice Bond" → "Frostbone Articulation"
[Tick 150] npc_1080 (npc): "Elder Floediver" → "Surge-Keeper Blackbeak"
[Tick 150] npc_1081 (npc): "Wise Aurorabreaker" → "Veilpiercer of the Shallows"
[Tick 150] abilities_1082 (abilities): "Glow Bond" → "Luminescence Binding"
[Tick 150] rules_1083 (rules): "Nightfall Shelf Defense taboo" → "The Shelf's Silent Hour Decree"
[Tick 150] location_1084 (location): "The Whispering Ice" → "Breathsong Cavern"
[Tick 150] npc_1085 (npc): "Chief Aurorawalker" → "Stormheart Frostwhisper"
[Tick 150] npc_1086 (npc): "Chief Wavehunter" → "Tidecrest Obsidian"
[Tick 150] location_1087 (location): "Shimmering Rift" → "Shattered Prism Grotto"
[Tick 150] abilities_1088 (abilities): "Glow Sight" → "Auroralight Perception"
[Tick 150] rules_1089 (rules): "Aurora Peak Celebration" → "The Ascending Convergence Rite"
[Tick 150] rules_1090 (rules): "Nightfall Shelf Rationing social" → "The Rationed Breath Protocol"
[Tick 150] location_1093 (location): "Icebeak Krill Grounds" → "Deepvein Swallow"
[Tick 150] npc_1094 (npc): "Snowwing" → "Frostmend the Curator"
[Tick 150] npc_1095 (npc): "Wavehunter" → "Brinecaller Vex"
[Tick 150] npc_1096 (npc): "Glacierbreaker" → "Sliprock Merchant-Sage"
[Tick 150] npc_1097 (npc): "Floeswimmer" → "Quickdive"
[Tick 150] rules_1098 (rules): "The Long Swim Remembrance" → "The Descent's Echo Rite"
[Tick 150] npc_1099 (npc): "Elder Glacierfisher" → "Elderfloe Windwhisper"
[Tick 150] rules_1100 (rules): "Nightfall Shelf Rationing edict" → "Dusk Rationing Compact"
[Tick 150] location_1101 (location): "Crystalslider Krill Grounds" → "Glimmershard Abyss-Mouth"
[Tick 150] npc_1102 (npc): "Blizzardslider" → "Sleet-Runner Kess"
[Tick 150] npc_1103 (npc): "Tidekeeper" → "Wavemind the Chronicler"
[Tick 150] rules_1104 (rules): "Founders Festival" → "Kindling Day Ceremonial"
[Tick 150] rules_1105 (rules): "Aurora Stack Protection social" → "The Stacked Hearts Covenant"
[Tick 150] abilities_1106 (abilities): "Ice Ward" → "Gelbound Aegis"
[Tick 150] abilities_1107 (abilities): "Ice-Melt Refinement" → "Thaw-Forge Technique"
[Tick 150] location_1108 (location): "The Frozen Aurora" → "Chromaveil Rupture"
[Tick 150] abilities_1109 (abilities): "Sonic Fish Herding" → "Resonance Schooling"
[Tick 150] faction_1112 (faction): "Nightfall Shelf Traders" → "Velvetdusk Consortium"
[Tick 150] location_1113 (location): "South Roost" → "Starwhisper Bastion"
[Tick 150] location_1114 (location): "East Roost" → "Voidcrest Sanctuary"
[Tick 150] npc_1115 (npc): "Wise Icecaller" → "Glacierpeak Stormtender"
[Tick 150] abilities_1116 (abilities): "Advanced Fishing Tech" → "Deepcurrent Harvesting Apparatus"
[Tick 150] faction_1117 (faction): "East Roost Merchants" → "Crescent Wave Collective"
[Tick 150] faction_1118 (faction): "Aurora Stack Exchange" → "Frostmark Trading House"
[Tick 150] location_1119 (location): "The Glowing Depths" → "The Phantom Trench"
[Tick 150] location_1120 (location): "Shimmering Rift" → "Crystalline Wound of Aeons"
[Tick 150] location_1121 (location): "East Perch" → "Echoing Spire Citadel"
[Tick 150] npc_1122 (npc): "Shimmerslider" → "Iceflow Bargainwright"
[Tick 150] npc_1123 (npc): "Blizzardkeeper" → "Frostmantle the Shrewd"
[Tick 150] faction_1124 (faction): "East Perch Exchange" → "Pinnacle Exchange Guild"
[Tick 150] abilities_1125 (abilities): "Improved Fishing Tech" → "Precision Brine-Sensing Method"
[Tick 150] location_1126 (location): "Chillslider Surface Forest Field" → "Slipveil Thicket Expanse"
[Tick 150] abilities_1127 (abilities): "Enhanced Ice Tech" → "Shardweave Calibration"
[Tick 150] rules_1128 (rules): "South Roost Protection social" → "The Sheltered Nest Accords"
[Tick 150] abilities_1129 (abilities): "Glacial Navigation System" → "Pathfinder's Luminous Compass"
[Tick 150] location_1130 (location): "Spectral Basin" → "The Obsidian Remembrance"
[Tick 150] abilities_1131 (abilities): "Improved Fishing Tech" → "Bountyhook Method"
[Tick 150] faction_1132 (faction): "South Roost Merchants" → "The Meridian Traders' Enclave"
[Tick 150] npc_1133 (npc): "Driftbeak" → "Icewhip Tiderunner"
[Tick 150] npc_1134 (npc): "Floefisher" → "Snowsong Netweaver"
[Tick 150] npc_1135 (npc): "Floesinger" → "Frostpulse Waterspeaker"
[Tick 150] npc_1136 (npc): "Crystalwalker" → "Glacebrook the Wanderer"
[Tick 150] rules_1137 (rules): "The Natural Order" → "Hierarchy's Unbroken Chain"
[Tick 150] rules_1138 (rules): "The Equal Ice Movement" → "The Leveling Thaw"
[Tick 150] rules_1139 (rules): "The Equal Ice Movement" → "Equilibrium's Silent Decree"
[Tick 150] rules_1140 (rules): "The Old Ways Revival" → "Ancestral Remembrance Doctrine"
[Tick 150] rules_1141 (rules): "The Old Ways Revival" → "The Primordial Compass"
[Tick 150] rules_1142 (rules): "The Natural Order" → "Necessity's Frozen Verdict"
[Tick 150] rules_1143 (rules): "The Natural Order" → "Echo-Keeper's Whispered Law"
[Tick 150] location_1144 (location): "Spectral Basin" → "The Sunken Mirror"
[Tick 150] location_1145 (location): "Chillwalker Krill Grounds" → "Shadowdrift Shallows"
[Tick 150] npc_1146 (npc): "Icebeak" → "Sleetfin Quicktongue"
[Tick 150] npc_1147 (npc): "Aurorahunter" → "Dawnpeak Needleye"
[Tick 150] location_1148 (location): "Frozen Vortex" → "The Spiral Unmaking"
[Tick 150] npc_1149 (npc): "Frostdiver" → "Abysswing Marketwise"
[Tick 150] npc_1150 (npc): "Frostslider" → "Tidalhorn Bargainbeak"
[Tick 150] location_1151 (location): "Glacierwatcher Thermal Vent" → "Lumincore Rifts of Singing"
[Tick 150] rules_1152 (rules): "First Catch Festival" → "Silverscale's First Plunge Ceremony"
[Tick 150] rules_1153 (rules): "The Old Ways Revival" → "The Rootsong Reclamation"
[Tick 150] npc_1154 (npc): "Wise Icewatcher" → "Crackpace the Veilreader"
[Tick 150] location_1155 (location): "Glacierwalker Krill Fields" → "Krill-Spire Abundance"
[Tick 150] npc_1156 (npc): "Frostbite" → "Blacksail the Depth-Caller"
[Tick 150] abilities_1157 (abilities): "Pack Coordination" → "Wedge-Breaking Surge"
[Tick 150] npc_1158 (npc): "Frostbite" → "Wavecrest Mourningfin"
[Tick 150] npc_1159 (npc): "Sharpfin" → "Scar-Keeper"
[Tick 150] rules_1160 (rules): "The New Thinkers" → "The Questioning Tides Doctrine"
[Tick 150] abilities_1161 (abilities): "Pack Coordination" → "Synchronized Bone-Strike"
[Tick 150] npc_1162 (npc): "Tidehunter" → "Stormclick the Abyss-Seeker"
[Tick 150] npc_1163 (npc): "Frostbite" → "Gull-Chaser"
[Tick 150] npc_1164 (npc): "Frostbite" → "Riptooth Veilbreaker"
[Tick 150] rules_1165 (rules): "East Roost Defense taboo" → "The Pelagic Silence Accord"
[Tick 150] abilities_1166 (abilities): "Echolocation Strike" → "Resonance Fang Convergence"
[Tick 150] npc_1167 (npc): "Razortooth" → "Vault-Swimmer the Unflinching"
[Tick 150] npc_1168 (npc): "Icebane" → "Floe-Splinter"
[Tick 150] abilities_1169 (abilities): "Tail Slam" → "Thrashing Displacement"
[Tick 150] abilities_1170 (abilities): "Crushing Dive" → "Plummet's Concussion"
[Tick 150] rules_1171 (rules): "East Roost Rationing taboo" → "The Scarcity Vigil"
[Tick 150] abilities_1172 (abilities): "Thermal Shock" → "Iceburst Recoil"
[Tick 150] rules_1173 (rules): "Fissure Light Dance" → "Luminescence Waltz Protocol"
[Tick 150] abilities_1174 (abilities): "Sonic Stun" → "Shriekstrike Paralysis"
[Tick 150] abilities_1175 (abilities): "Crushing Dive" → "Descent's Bone-Breaker"
[Tick 150] abilities_1176 (abilities): "Thermal Shock" → "Frostburn Eruption"
[Tick 150] location_1177 (location): "Mystic Ice Cavern" → "Glimmerhold's Vault"
[Tick 150] npc_1178 (npc): "Elder Blizzardkeeper" → "Frostpeak Tradecaller"
[Tick 150] npc_1179 (npc): "High Blizzardswimmer" → "Tidemark the Frost-Tender"
[Tick 150] location_1181 (location): "The Frozen Aurora" → "Veilswirl's Precipice"
[Tick 150] rules_1182 (rules): "The Equal Ice Movement" → "The Parity Compact"
[Tick 150] abilities_1183 (abilities): "Ice Sight" → "Crystalline Communion"
[Tick 150] location_1184 (location): "Chilldiver Ice Quarry" → "Splintered Depths Cavern"
[Tick 150] rules_1185 (rules): "The Old Ways Revival" → "Heritage Anchor Doctrine"
[Tick 150] rules_1186 (rules): "The New Thinkers" → "Emergence Council Principles"
[Tick 150] rules_1187 (rules): "The Old Ways Revival" → "The Primordial Covenant"
[Tick 150] faction_1188 (faction): "East Perch Exchange" → "Meridian Trade Collective"
[Tick 150] abilities_1189 (abilities): "Glow Sight" → "Luminous Tracing"
[Tick 150] location_1190 (location): "Shimmerhunter Fishing Grounds" → "Bountychannel Shallows"
[Tick 150] location_1191 (location): "Chillwing Krill Fields" → "Swarmbed's Abundance Shelf"
[Tick 150] npc_1192 (npc): "Elder Frostdiver" → "Snapjaw the Steadfast"
[Tick 150] npc_1193 (npc): "High Stormbeak" → "Galewhisker the Resolute"
[Tick 150] rules_1194 (rules): "Founders Festival" → "The Gathering Remembrance"
[Tick 150] abilities_1195 (abilities): "Glow Ward" → "Radiant Shielding"
[Tick 150] rules_1196 (rules): "The Long Swim Remembrance" → "The Vigil's Endless Returning"
[Tick 150] location_1197 (location): "Glacierdiver Thermal Vent" → "Sunburst Chasm of the Depths"
[Tick 150] rules_1198 (rules): "The Long Swim Remembrance" → "Tidebound Oath-Keeping"
[Tick 150] abilities_1199 (abilities): "Glow Ward" → "Shadowveil Ascension"
[Tick 150] npc_1200 (npc): "Wise Shimmerbreaker" → "Icecarve the Arbitrator"
[Tick 150] rules_1201 (rules): "The Old Ways Revival" → "The Whispering Compact"
[Tick 150] npc_1202 (npc): "Drifthunter" → "Kelptrader"
[Tick 150] npc_1203 (npc): "Driftbreaker" → "Stormvein the Negotiator"
[Tick 150] npc_1204 (npc): "Elder Auroraslider" → "Crackledrift the Keeper"
[Tick 150] rules_1205 (rules): "The Natural Order" → "The Breath-Song Hierarchy"


=== Final Name Statistics ===
Total name changes: 191
Unique names generated: 191
Duplicate names: 0
Entities with duplicate names: 0
Uniqueness rate: 100.0%

✅ No duplicate names detected!
