World Generation Warnings Log
Started: 2025-11-24T12:08:10.628Z
================================================================================

[2025-11-24T12:08:10.756Z] [Tick 30]
⚠️  RELATIONSHIP WARNING (ABILITIES):
   Entity: Fissure-Drawn Runes (Fissure-Drawn Runes)
   Kind: abilities
   Relationship Type: manifests_at
   Current count: 10
   Warning threshold: 10
   Target: Mystic Ice Cavern
   Tick: 30
   Era: The Great Thaw
   ℹ️  This is a WARNING only - relationship will still be added

[2025-11-24T12:08:10.804Z] [Tick 30]
⚠️  RELATIONSHIP WARNING (ABILITIES):
   Entity: Fissure-Drawn Runes (Fissure-Drawn Runes)
   Kind: abilities
   Relationship Type: manifests_at
   Current count: 11
   Warning threshold: 10
   Target: Nightfall Shelf
   Tick: 30
   Era: The Great Thaw
   ℹ️  This is a WARNING only - relationship will still be added

[2025-11-24T12:08:10.810Z] [Tick 31]
⚠️  RELATIONSHIP WARNING (ABILITIES):
   Entity: Fissure-Drawn Runes (Fissure-Drawn Runes)
   Kind: abilities
   Relationship Type: manifests_at
   Current count: 12
   Warning threshold: 10
   Target: Aurora Stack
   Tick: 31
   Era: The Great Thaw
   ℹ️  This is a WARNING only - relationship will still be added

[2025-11-24T12:08:10.834Z] [Tick 35]
⚠️  RELATIONSHIP WARNING (ABILITIES):
   Entity: Fissure-Drawn Runes (Fissure-Drawn Runes)
   Kind: abilities
   Relationship Type: manifests_at
   Current count: 13
   Warning threshold: 10
   Target: Shimmering Echo
   Tick: 35
   Era: The Great Thaw
   ℹ️  This is a WARNING only - relationship will still be added

[2025-11-24T12:08:10.857Z] [Tick 39]
⚠️  RELATIONSHIP WARNING (ABILITIES):
   Entity: Fissure-Drawn Runes (Fissure-Drawn Runes)
   Kind: abilities
   Relationship Type: manifests_at
   Current count: 14
   Warning threshold: 10
   Target: Crystaldiver Mystical Shrine
   Tick: 39
   Era: The Great Thaw
   ℹ️  This is a WARNING only - relationship will still be added

[2025-11-24T12:08:10.875Z] [Tick 42]
⚠️  RELATIONSHIP WARNING (ABILITIES):
   Entity: Fissure-Drawn Runes (Fissure-Drawn Runes)
   Kind: abilities
   Relationship Type: manifests_at
   Current count: 15
   Warning threshold: 10
   Target: Windward Ridge
   Tick: 42
   Era: The Great Thaw
   ℹ️  This is a WARNING only - relationship will still be added

[2025-11-24T12:08:10.885Z] [Tick 44]
⚠️  RELATIONSHIP WARNING (ABILITIES):
   Entity: Fissure-Drawn Runes (Fissure-Drawn Runes)
   Kind: abilities
   Relationship Type: manifests_at
   Current count: 16
   Warning threshold: 10
   Target: Frozen Rift
   Tick: 44
   Era: The Great Thaw
   ℹ️  This is a WARNING only - relationship will still be added

[2025-11-24T12:08:10.909Z] [Tick 45]
⚠️  RELATIONSHIP WARNING (ABILITIES):
   Entity: Fissure-Drawn Runes (Fissure-Drawn Runes)
   Kind: abilities
   Relationship Type: manifests_at
   Current count: 17
   Warning threshold: 10
   Target: The Frozen Aurora
   Tick: 45
   Era: The Great Thaw
   ℹ️  This is a WARNING only - relationship will still be added

[2025-11-24T12:08:10.994Z] [Tick 46]
⚠️  RELATIONSHIP WARNING (ABILITIES):
   Entity: Fissure-Drawn Runes (Fissure-Drawn Runes)
   Kind: abilities
   Relationship Type: manifests_at
   Current count: 18
   Warning threshold: 10
   Target: Shimmering Rift
   Tick: 46
   Era: The Great Thaw
   ℹ️  This is a WARNING only - relationship will still be added

[2025-11-24T12:08:11.007Z] [Tick 47]
⚠️  RELATIONSHIP WARNING (ABILITIES):
   Entity: Fissure-Drawn Runes (Fissure-Drawn Runes)
   Kind: abilities
   Relationship Type: manifests_at
   Current count: 19
   Warning threshold: 10
   Target: Glintwing Untouched Shelf
   Tick: 47
   Era: The Great Thaw
   ℹ️  This is a WARNING only - relationship will still be added

[2025-11-24T12:08:11.020Z] [Tick 48]
⚠️  RELATIONSHIP WARNING (ABILITIES):
   Entity: Fissure-Drawn Runes (Fissure-Drawn Runes)
   Kind: abilities
   Relationship Type: manifests_at
   Current count: 20
   Warning threshold: 10
   Target: Snowswimmer Ley Nexus
   Tick: 48
   Era: The Great Thaw
   ℹ️  This is a WARNING only - relationship will still be added

[2025-11-24T12:08:11.120Z] [Tick 57]
⚠️  RELATIONSHIP WARNING (NPC):
   Entity: High-Beak Auditor Selka (High-Beak Auditor Selka)
   Kind: npc
   Relationship Type: controls
   Current count: 5
   Warning threshold: 5
   Target: The Glow-Fissure
   Tick: 57
   Era: The Faction Wars
   ℹ️  This is a WARNING only - relationship will still be added

[2025-11-24T12:08:11.120Z] [Tick 57]
⚠️  RELATIONSHIP WARNING (ABILITIES):
   Entity: Fissure-Drawn Runes (Fissure-Drawn Runes)
   Kind: abilities
   Relationship Type: manifests_at
   Current count: 21
   Warning threshold: 10
   Target: Frozen Echo
   Tick: 57
   Era: The Faction Wars
   ℹ️  This is a WARNING only - relationship will still be added

[2025-11-24T12:08:11.145Z] [Tick 59]
⚠️  RELATIONSHIP WARNING (NPC):
   Entity: High-Beak Auditor Selka (High-Beak Auditor Selka)
   Kind: npc
   Relationship Type: controls
   Current count: 6
   Warning threshold: 5
   Target: Dark Rift
   Tick: 59
   Era: The Faction Wars
   ℹ️  This is a WARNING only - relationship will still be added

[2025-11-24T12:08:11.179Z] [Tick 60]
⚠️  RELATIONSHIP WARNING (ABILITIES):
   Entity: Fissure-Drawn Runes (Fissure-Drawn Runes)
   Kind: abilities
   Relationship Type: manifests_at
   Current count: 22
   Warning threshold: 10
   Target: The Whispering Ice
   Tick: 60
   Era: The Faction Wars
   ℹ️  This is a WARNING only - relationship will still be added

[2025-11-24T12:08:11.207Z] [Tick 60]
⚠️  RELATIONSHIP WARNING (NPC):
   Entity: High-Beak Auditor Selka (High-Beak Auditor Selka)
   Kind: npc
   Relationship Type: controls
   Current count: 7
   Warning threshold: 5
   Target: Crystalbreaker Ethereal Cavern
   Tick: 60
   Era: The Faction Wars
   ℹ️  This is a WARNING only - relationship will still be added

[2025-11-24T12:08:11.208Z] [Tick 60]
⚠️  RELATIONSHIP WARNING (ABILITIES):
   Entity: Fissure-Drawn Runes (Fissure-Drawn Runes)
   Kind: abilities
   Relationship Type: manifests_at
   Current count: 23
   Warning threshold: 10
   Target: Crystalbreaker Ethereal Cavern
   Tick: 60
   Era: The Faction Wars
   ℹ️  This is a WARNING only - relationship will still be added

[2025-11-24T12:08:11.337Z] [Tick 67]
⚠️  RELATIONSHIP WARNING (NPC):
   Entity: High-Beak Auditor Selka (High-Beak Auditor Selka)
   Kind: npc
   Relationship Type: controls
   Current count: 8
   Warning threshold: 5
   Target: Tideslider Mystical Shrine
   Tick: 67
   Era: The Faction Wars
   ℹ️  This is a WARNING only - relationship will still be added

[2025-11-24T12:08:11.354Z] [Tick 68]
⚠️  RELATIONSHIP WARNING (NPC):
   Entity: High-Beak Auditor Selka (High-Beak Auditor Selka)
   Kind: npc
   Relationship Type: controls
   Current count: 9
   Warning threshold: 5
   Target: Shimmering Vortex
   Tick: 68
   Era: The Faction Wars
   ℹ️  This is a WARNING only - relationship will still be added

[2025-11-24T12:08:11.414Z] [Tick 71]
⚠️  RELATIONSHIP WARNING (ABILITIES):
   Entity: Fissure-Drawn Runes (Fissure-Drawn Runes)
   Kind: abilities
   Relationship Type: manifests_at
   Current count: 24
   Warning threshold: 10
   Target: Tideslider Mystical Shrine
   Tick: 71
   Era: The Faction Wars
   ℹ️  This is a WARNING only - relationship will still be added

[2025-11-24T12:08:11.435Z] [Tick 73]
⚠️  RELATIONSHIP WARNING (NPC):
   Entity: High-Beak Auditor Selka (High-Beak Auditor Selka)
   Kind: npc
   Relationship Type: controls
   Current count: 9
   Warning threshold: 5
   Target: Krill Shoals
   Tick: 73
   Era: The Faction Wars
   ℹ️  This is a WARNING only - relationship will still be added

[2025-11-24T12:08:11.591Z] [Tick 76]
⚠️  RELATIONSHIP WARNING (ABILITIES):
   Entity: Fissure-Drawn Runes (Fissure-Drawn Runes)
   Kind: abilities
   Relationship Type: manifests_at
   Current count: 25
   Warning threshold: 10
   Target: Waveslider Krill Grounds
   Tick: 76
   Era: The Faction Wars
   ℹ️  This is a WARNING only - relationship will still be added

[2025-11-24T12:08:11.669Z] [Tick 80]
⚠️  RELATIONSHIP WARNING (ABILITIES):
   Entity: Fissure-Drawn Runes (Fissure-Drawn Runes)
   Kind: abilities
   Relationship Type: manifests_at
   Current count: 26
   Warning threshold: 10
   Target: Dark Vortex
   Tick: 80
   Era: The Faction Wars
   ℹ️  This is a WARNING only - relationship will still be added

[2025-11-24T12:08:11.691Z] [Tick 81]
⚠️  RELATIONSHIP WARNING (NPC):
   Entity: High-Beak Auditor Selka (High-Beak Auditor Selka)
   Kind: npc
   Relationship Type: controls
   Current count: 7
   Warning threshold: 5
   Target: Windward Ridge
   Tick: 81
   Era: The Clever Ice Age
   ℹ️  This is a WARNING only - relationship will still be added

[2025-11-24T12:08:11.708Z] [Tick 82]
⚠️  RELATIONSHIP WARNING (ABILITIES):
   Entity: Fissure-Drawn Runes (Fissure-Drawn Runes)
   Kind: abilities
   Relationship Type: manifests_at
   Current count: 27
   Warning threshold: 10
   Target: Wavewing Mystical Shrine
   Tick: 82
   Era: The Clever Ice Age
   ℹ️  This is a WARNING only - relationship will still be added

[2025-11-24T12:08:11.727Z] [Tick 83]
⚠️  RELATIONSHIP WARNING (NPC):
   Entity: High-Beak Auditor Selka (High-Beak Auditor Selka)
   Kind: npc
   Relationship Type: controls
   Current count: 8
   Warning threshold: 5
   Target: Aurora Stack
   Tick: 83
   Era: The Clever Ice Age
   ℹ️  This is a WARNING only - relationship will still be added

[2025-11-24T12:08:11.745Z] [Tick 84]
⚠️  RELATIONSHIP WARNING (ABILITIES):
   Entity: Fissure-Drawn Runes (Fissure-Drawn Runes)
   Kind: abilities
   Relationship Type: manifests_at
   Current count: 28
   Warning threshold: 10
   Target: Dark Rift
   Tick: 84
   Era: The Clever Ice Age
   ℹ️  This is a WARNING only - relationship will still be added

[2025-11-24T12:08:11.762Z] [Tick 85]
⚠️  RELATIONSHIP WARNING (ABILITIES):
   Entity: Fissure-Drawn Runes (Fissure-Drawn Runes)
   Kind: abilities
   Relationship Type: manifests_at
   Current count: 29
   Warning threshold: 10
   Target: Frostsinger Mystical Shrine
   Tick: 85
   Era: The Clever Ice Age
   ℹ️  This is a WARNING only - relationship will still be added

[2025-11-24T12:08:11.924Z] [Tick 90]
⚠️  RELATIONSHIP WARNING (NPC):
   Entity: High-Beak Auditor Selka (High-Beak Auditor Selka)
   Kind: npc
   Relationship Type: controls
   Current count: 9
   Warning threshold: 5
   Target: Glintwing Untouched Shelf
   Tick: 90
   Era: The Clever Ice Age
   ℹ️  This is a WARNING only - relationship will still be added

[2025-11-24T12:08:11.978Z] [Tick 92]
⚠️  RELATIONSHIP WARNING (ABILITIES):
   Entity: Fissure-Drawn Runes (Fissure-Drawn Runes)
   Kind: abilities
   Relationship Type: manifests_at
   Current count: 30
   Warning threshold: 10
   Target: Aurora Berg
   Tick: 92
   Era: The Clever Ice Age
   ℹ️  This is a WARNING only - relationship will still be added

[2025-11-24T12:08:12.005Z] [Tick 93]
⚠️  RELATIONSHIP WARNING (ABILITIES):
   Entity: Fissure-Drawn Runes (Fissure-Drawn Runes)
   Kind: abilities
   Relationship Type: manifests_at
   Current count: 31
   Warning threshold: 10
   Target: East Perch
   Tick: 93
   Era: The Clever Ice Age
   ℹ️  This is a WARNING only - relationship will still be added

[2025-11-24T12:08:12.031Z] [Tick 94]
⚠️  RELATIONSHIP WARNING (ABILITIES):
   Entity: Fissure-Drawn Runes (Fissure-Drawn Runes)
   Kind: abilities
   Relationship Type: manifests_at
   Current count: 32
   Warning threshold: 10
   Target: West Perch
   Tick: 94
   Era: The Clever Ice Age
   ℹ️  This is a WARNING only - relationship will still be added

[2025-11-24T12:08:12.088Z] [Tick 96]
⚠️  RELATIONSHIP WARNING (ABILITIES):
   Entity: Fissure-Drawn Runes (Fissure-Drawn Runes)
   Kind: abilities
   Relationship Type: manifests_at
   Current count: 33
   Warning threshold: 10
   Target: Shimmerdiver Hidden Bed Valley
   Tick: 96
   Era: The Clever Ice Age
   ℹ️  This is a WARNING only - relationship will still be added

[2025-11-24T12:08:12.143Z] [Tick 98]
⚠️  RELATIONSHIP WARNING (ABILITIES):
   Entity: Fissure-Drawn Runes (Fissure-Drawn Runes)
   Kind: abilities
   Relationship Type: manifests_at
   Current count: 34
   Warning threshold: 10
   Target: Dark Rift
   Tick: 98
   Era: The Clever Ice Age
   ℹ️  This is a WARNING only - relationship will still be added

[2025-11-24T12:08:12.306Z] [Tick 104]
⚠️  RELATIONSHIP WARNING (ABILITIES):
   Entity: Fissure-Drawn Runes (Fissure-Drawn Runes)
   Kind: abilities
   Relationship Type: manifests_at
   Current count: 35
   Warning threshold: 10
   Target: Shimmering Echo
   Tick: 104
   Era: The Clever Ice Age
   ℹ️  This is a WARNING only - relationship will still be added

[2025-11-24T12:08:12.339Z] [Tick 105]
⚠️  RELATIONSHIP WARNING (ABILITIES):
   Entity: Fissure-Drawn Runes (Fissure-Drawn Runes)
   Kind: abilities
   Relationship Type: manifests_at
   Current count: 36
   Warning threshold: 10
   Target: Mystic Ice Cavern
   Tick: 105
   Era: The Clever Ice Age
   ℹ️  This is a WARNING only - relationship will still be added

[2025-11-24T12:08:12.498Z] [Tick 105]
⚠️  RELATIONSHIP WARNING (ABILITIES):
   Entity: Fissure-Drawn Runes (Fissure-Drawn Runes)
   Kind: abilities
   Relationship Type: manifests_at
   Current count: 37
   Warning threshold: 10
   Target: Frostsinger Ley Nexus
   Tick: 105
   Era: The Clever Ice Age
   ℹ️  This is a WARNING only - relationship will still be added

[2025-11-24T12:08:12.617Z] [Tick 107]
⚠️  RELATIONSHIP WARNING (ABILITIES):
   Entity: Fissure-Drawn Runes (Fissure-Drawn Runes)
   Kind: abilities
   Relationship Type: manifests_at
   Current count: 38
   Warning threshold: 10
   Target: East Perch
   Tick: 107
   Era: The Clever Ice Age
   ℹ️  This is a WARNING only - relationship will still be added

[2025-11-24T12:08:12.669Z] [Tick 108]
⚠️  RELATIONSHIP WARNING (ABILITIES):
   Entity: Fissure-Drawn Runes (Fissure-Drawn Runes)
   Kind: abilities
   Relationship Type: manifests_at
   Current count: 39
   Warning threshold: 10
   Target: Snowwing Ice Quarry
   Tick: 108
   Era: The Clever Ice Age
   ℹ️  This is a WARNING only - relationship will still be added

[2025-11-24T12:08:12.766Z] [Tick 110]
⚠️  RELATIONSHIP WARNING (ABILITIES):
   Entity: Fissure-Drawn Runes (Fissure-Drawn Runes)
   Kind: abilities
   Relationship Type: manifests_at
   Current count: 40
   Warning threshold: 10
   Target: Frostcaller Ice Quarry
   Tick: 110
   Era: The Clever Ice Age
   ℹ️  This is a WARNING only - relationship will still be added

[2025-11-24T12:08:12.815Z] [Tick 111]
⚠️  RELATIONSHIP WARNING (ABILITIES):
   Entity: Fissure-Drawn Runes (Fissure-Drawn Runes)
   Kind: abilities
   Relationship Type: manifests_at
   Current count: 41
   Warning threshold: 10
   Target: Shimmering Vortex
   Tick: 111
   Era: The Clever Ice Age
   ℹ️  This is a WARNING only - relationship will still be added

[2025-11-24T12:08:12.901Z] [Tick 113]
⚠️  RELATIONSHIP WARNING (ABILITIES):
   Entity: Fissure-Drawn Runes (Fissure-Drawn Runes)
   Kind: abilities
   Relationship Type: manifests_at
   Current count: 42
   Warning threshold: 10
   Target: Shimmering Vortex
   Tick: 113
   Era: The Orca Incursion
   ℹ️  This is a WARNING only - relationship will still be added

[2025-11-24T12:08:12.989Z] [Tick 115]
⚠️  RELATIONSHIP WARNING (ABILITIES):
   Entity: Fissure-Drawn Runes (Fissure-Drawn Runes)
   Kind: abilities
   Relationship Type: manifests_at
   Current count: 43
   Warning threshold: 10
   Target: Stormkeeper Ice Quarry
   Tick: 115
   Era: The Orca Incursion
   ℹ️  This is a WARNING only - relationship will still be added

[2025-11-24T12:08:13.378Z] [Tick 120]
⚠️  RELATIONSHIP WARNING (ABILITIES):
   Entity: Fissure-Drawn Runes (Fissure-Drawn Runes)
   Kind: abilities
   Relationship Type: manifests_at
   Current count: 44
   Warning threshold: 10
   Target: Waveswimmer Ice Quarry
   Tick: 120
   Era: The Orca Incursion
   ℹ️  This is a WARNING only - relationship will still be added

[2025-11-24T12:08:13.539Z] [Tick 123] ⚠️  AGGRESSIVE SYSTEM: universal_catalyst has created 501 relationships
[2025-11-24T12:08:13.539Z] [Tick 123]    Consider adding throttling or reducing probabilities
[2025-11-24T12:08:13.752Z] [Tick 127]
⚠️  RELATIONSHIP WARNING (NPC):
   Entity: High-Beak Auditor Selka (High-Beak Auditor Selka)
   Kind: npc
   Relationship Type: controls
   Current count: 5
   Warning threshold: 5
   Target: Waveswimmer Ice Quarry
   Tick: 127
   Era: The Orca Incursion
   ℹ️  This is a WARNING only - relationship will still be added

[2025-11-24T12:08:14.072Z] [Tick 134]
⚠️  RELATIONSHIP WARNING (NPC):
   Entity: High-Beak Auditor Selka (High-Beak Auditor Selka)
   Kind: npc
   Relationship Type: controls
   Current count: 6
   Warning threshold: 5
   Target: Glintwing Untouched Shelf
   Tick: 134
   Era: The Orca Incursion
   ℹ️  This is a WARNING only - relationship will still be added

[2025-11-24T12:08:14.344Z] [Tick 135]
⚠️  RELATIONSHIP WARNING (ABILITIES):
   Entity: Fissure-Drawn Runes (Fissure-Drawn Runes)
   Kind: abilities
   Relationship Type: manifests_at
   Current count: 45
   Warning threshold: 10
   Target: Snowhunter Ice Quarry
   Tick: 135
   Era: The Orca Incursion
   ℹ️  This is a WARNING only - relationship will still be added

[2025-11-24T12:08:14.412Z] [Tick 136]
⚠️  RELATIONSHIP WARNING (ABILITIES):
   Entity: Fissure-Drawn Runes (Fissure-Drawn Runes)
   Kind: abilities
   Relationship Type: manifests_at
   Current count: 46
   Warning threshold: 10
   Target: Aurorasinger Ice Quarry
   Tick: 136
   Era: The Orca Incursion
   ℹ️  This is a WARNING only - relationship will still be added

[2025-11-24T12:08:14.540Z] [Tick 138]
⚠️  RELATIONSHIP WARNING (NPC):
   Entity: High-Beak Auditor Selka (High-Beak Auditor Selka)
   Kind: npc
   Relationship Type: controls
   Current count: 7
   Warning threshold: 5
   Target: Krill Shoals
   Tick: 138
   Era: The Orca Incursion
   ℹ️  This is a WARNING only - relationship will still be added

[2025-11-24T12:08:14.800Z] [Tick 142]
⚠️  RELATIONSHIP WARNING (NPC):
   Entity: High-Beak Auditor Selka (High-Beak Auditor Selka)
   Kind: npc
   Relationship Type: controls
   Current count: 7
   Warning threshold: 5
   Target: Shimmering Vortex
   Tick: 142
   Era: The Orca Incursion
   ℹ️  This is a WARNING only - relationship will still be added

[2025-11-24T12:08:14.859Z] [Tick 143]
⚠️  RELATIONSHIP WARNING (NPC):
   Entity: High-Beak Auditor Selka (High-Beak Auditor Selka)
   Kind: npc
   Relationship Type: controls
   Current count: 8
   Warning threshold: 5
   Target: Snowwing Ice Quarry
   Tick: 143
   Era: The Frozen Peace
   ℹ️  This is a WARNING only - relationship will still be added

[2025-11-24T12:08:14.920Z] [Tick 144] ⚠️  AGGRESSIVE SYSTEM: universal_catalyst has created 612 relationships
[2025-11-24T12:08:14.921Z] [Tick 144]    Consider adding throttling or reducing probabilities
[2025-11-24T12:08:15.121Z] [Tick 147]
⚠️  RELATIONSHIP WARNING (NPC):
   Entity: High-Beak Auditor Selka (High-Beak Auditor Selka)
   Kind: npc
   Relationship Type: controls
   Current count: 9
   Warning threshold: 5
   Target: Dark Rift
   Tick: 147
   Era: The Frozen Peace
   ℹ️  This is a WARNING only - relationship will still be added

