World Generation Warnings Log
Started: 2025-11-29T18:45:50.704Z
================================================================================

[2025-11-29T18:45:50.777Z] [Tick 0]
⚠️  RELATIONSHIP WARNING (NPC):
   Entity: Tide-Splitter Rukan (Tide-Splitter Rukan)
   Kind: npc
   Relationship Type: practitioner_of
   Current count: 5
   Warning threshold: 5
   Target: Innovative School of 8 Arts
   Tick: 0
   Era: The Great Thaw
   ℹ️  This is a WARNING only - relationship will still be added

[2025-11-29T18:45:50.865Z] [Tick 10]
⚠️  RELATIONSHIP WARNING (NPC):
   Entity: Tide-Splitter Rukan (Tide-Splitter Rukan)
   Kind: npc
   Relationship Type: practitioner_of
   Current count: 6
   Warning threshold: 5
   Target: Harmonic Harpoon Arrays
   Tick: 10
   Era: The Great Thaw
   ℹ️  This is a WARNING only - relationship will still be added

[2025-11-29T18:45:50.998Z] [Tick 15]
⚠️  RELATIONSHIP WARNING (ABILITIES):
   Entity: Fissure-Drawn Runes (Fissure-Drawn Runes)
   Kind: abilities
   Relationship Type: manifests_at
   Current count: 10
   Warning threshold: 10
   Target: Grum 's Rift
   Tick: 15
   Era: The Great Thaw
   ℹ️  This is a WARNING only - relationship will still be added

[2025-11-29T18:45:51.027Z] [Tick 15]
⚠️  RELATIONSHIP WARNING (ABILITIES):
   Entity: Fissure-Drawn Runes (Fissure-Drawn Runes)
   Kind: abilities
   Relationship Type: manifests_at
   Current count: 11
   Warning threshold: 10
   Target: Kaz 's Rift
   Tick: 15
   Era: The Great Thaw
   ℹ️  This is a WARNING only - relationship will still be added

[2025-11-29T18:45:51.093Z] [Tick 15]
⚠️  RELATIONSHIP WARNING (ABILITIES):
   Entity: Fissure-Drawn Runes (Fissure-Drawn Runes)
   Kind: abilities
   Relationship Type: manifests_at
   Current count: 12
   Warning threshold: 10
   Target: Zor
   Tick: 15
   Era: The Great Thaw
   ℹ️  This is a WARNING only - relationship will still be added

[2025-11-29T18:45:51.111Z] [Tick 15]
⚠️  RELATIONSHIP WARNING (ABILITIES):
   Entity: Fissure-Drawn Runes (Fissure-Drawn Runes)
   Kind: abilities
   Relationship Type: manifests_at
   Current count: 13
   Warning threshold: 10
   Target: The Veelia'eia Anomaly
   Tick: 15
   Era: The Great Thaw
   ℹ️  This is a WARNING only - relationship will still be added

[2025-11-29T18:45:51.181Z] [Tick 18]
⚠️  RELATIONSHIP WARNING (NPC):
   Entity: Tide-Splitter Rukan (Tide-Splitter Rukan)
   Kind: npc
   Relationship Type: practitioner_of
   Current count: 6
   Warning threshold: 5
   Target: Harmonic Harpoon Arrays
   Tick: 18
   Era: The Great Thaw
   ℹ️  This is a WARNING only - relationship will still be added

[2025-11-29T18:45:51.229Z] [Tick 20]
⚠️  RELATIONSHIP WARNING (ABILITIES):
   Entity: Fissure-Drawn Runes (Fissure-Drawn Runes)
   Kind: abilities
   Relationship Type: manifests_at
   Current count: 13
   Warning threshold: 10
   Target: Thud 's Rift
   Tick: 20
   Era: The Great Thaw
   ℹ️  This is a WARNING only - relationship will still be added

[2025-11-29T18:45:51.257Z] [Tick 21]
⚠️  RELATIONSHIP WARNING (ABILITIES):
   Entity: Fissure-Drawn Runes (Fissure-Drawn Runes)
   Kind: abilities
   Relationship Type: manifests_at
   Current count: 13
   Warning threshold: 10
   Target: Aurora Stack
   Tick: 21
   Era: The Great Thaw
   ℹ️  This is a WARNING only - relationship will still be added

[2025-11-29T18:45:51.286Z] [Tick 22]
⚠️  RELATIONSHIP WARNING (ABILITIES):
   Entity: Fissure-Drawn Runes (Fissure-Drawn Runes)
   Kind: abilities
   Relationship Type: manifests_at
   Current count: 13
   Warning threshold: 10
   Target: The Glow-Fissure
   Tick: 22
   Era: The Great Thaw
   ℹ️  This is a WARNING only - relationship will still be added

[2025-11-29T18:45:51.314Z] [Tick 23]
⚠️  RELATIONSHIP WARNING (ABILITIES):
   Entity: Fissure-Drawn Runes (Fissure-Drawn Runes)
   Kind: abilities
   Relationship Type: manifests_at
   Current count: 13
   Warning threshold: 10
   Target: Kaz 's Rift
   Tick: 23
   Era: The Great Thaw
   ℹ️  This is a WARNING only - relationship will still be added

[2025-11-29T18:45:51.493Z] [Tick 29]
⚠️  RELATIONSHIP WARNING (ABILITIES):
   Entity: Fissure-Drawn Runes (Fissure-Drawn Runes)
   Kind: abilities
   Relationship Type: manifests_at
   Current count: 13
   Warning threshold: 10
   Target: Grum 's Rift
   Tick: 29
   Era: The Great Thaw
   ℹ️  This is a WARNING only - relationship will still be added

[2025-11-29T18:45:51.538Z] [Tick 30]
⚠️  RELATIONSHIP WARNING (ABILITIES):
   Entity: Fissure-Drawn Runes (Fissure-Drawn Runes)
   Kind: abilities
   Relationship Type: manifests_at
   Current count: 14
   Warning threshold: 10
   Target: The Ma Fissure
   Tick: 30
   Era: The Great Thaw
   ℹ️  This is a WARNING only - relationship will still be added

[2025-11-29T18:45:51.589Z] [Tick 30]
⚠️  RELATIONSHIP WARNING (ABILITIES):
   Entity: Fissure-Drawn Runes (Fissure-Drawn Runes)
   Kind: abilities
   Relationship Type: manifests_at
   Current count: 15
   Warning threshold: 10
   Target: Isauroe
   Tick: 30
   Era: The Great Thaw
   ℹ️  This is a WARNING only - relationship will still be added

[2025-11-29T18:45:51.767Z] [Tick 31]
⚠️  RELATIONSHIP WARNING (ABILITIES):
   Entity: Fissure-Drawn Runes (Fissure-Drawn Runes)
   Kind: abilities
   Relationship Type: manifests_at
   Current count: 16
   Warning threshold: 10
   Target: The Dream Void
   Tick: 31
   Era: The Great Thaw
   ℹ️  This is a WARNING only - relationship will still be added

[2025-11-29T18:45:51.812Z] [Tick 32]
⚠️  RELATIONSHIP WARNING (ABILITIES):
   Entity: Fissure-Drawn Runes (Fissure-Drawn Runes)
   Kind: abilities
   Relationship Type: manifests_at
   Current count: 17
   Warning threshold: 10
   Target: Zod 's Rift
   Tick: 32
   Era: The Great Thaw
   ℹ️  This is a WARNING only - relationship will still be added

[2025-11-29T18:45:51.860Z] [Tick 33]
⚠️  RELATIONSHIP WARNING (ABILITIES):
   Entity: Fissure-Drawn Runes (Fissure-Drawn Runes)
   Kind: abilities
   Relationship Type: manifests_at
   Current count: 18
   Warning threshold: 10
   Target: Kaz 's Rift
   Tick: 33
   Era: The Great Thaw
   ℹ️  This is a WARNING only - relationship will still be added

[2025-11-29T18:45:52.602Z] [Tick 45]
⚠️  RELATIONSHIP WARNING (FACTION):
   Entity: The Midnight Claws (The Midnight Claws)
   Kind: faction
   Relationship Type: controls
   Current count: 20
   Warning threshold: 20
   Target: The Crystal Bazaar
   Tick: 45
   Era: The Great Thaw
   ℹ️  This is a WARNING only - relationship will still be added

[2025-11-29T18:45:52.604Z] [Tick 45]
⚠️  RELATIONSHIP WARNING (FACTION):
   Entity: The Icebound Exchange (The Icebound Exchange)
   Kind: faction
   Relationship Type: controls
   Current count: 20
   Warning threshold: 20
   Target: The Crystal Bazaar
   Tick: 45
   Era: The Great Thaw
   ℹ️  This is a WARNING only - relationship will still be added

[2025-11-29T18:45:52.637Z] [Tick 45]
⚠️  RELATIONSHIP WARNING (ABILITIES):
   Entity: Fissure-Drawn Runes (Fissure-Drawn Runes)
   Kind: abilities
   Relationship Type: manifests_at
   Current count: 19
   Warning threshold: 10
   Target: The Ge Fissure
   Tick: 45
   Era: The Great Thaw
   ℹ️  This is a WARNING only - relationship will still be added

[2025-11-29T18:45:52.642Z] [Tick 45]
⚠️  RELATIONSHIP WARNING (FACTION):
   Entity: The Icebound Exchange (The Icebound Exchange)
   Kind: faction
   Relationship Type: controls
   Current count: 21
   Warning threshold: 20
   Target: Thud 's Rift
   Tick: 45
   Era: The Great Thaw
   ℹ️  This is a WARNING only - relationship will still be added

[2025-11-29T18:45:52.647Z] [Tick 45]
⚠️  RELATIONSHIP WARNING (FACTION):
   Entity: Drek 's Cabal (faction-1764441950778-0oouaxqiq)
   Kind: faction
   Relationship Type: controls
   Current count: 20
   Warning threshold: 20
   Target: Thud 's Rift
   Tick: 45
   Era: The Great Thaw
   ℹ️  This is a WARNING only - relationship will still be added

[2025-11-29T18:45:52.649Z] [Tick 45]
⚠️  RELATIONSHIP WARNING (FACTION):
   Entity: The Midnight Claws (The Midnight Claws)
   Kind: faction
   Relationship Type: controls
   Current count: 21
   Warning threshold: 20
   Target: Thud 's Rift
   Tick: 45
   Era: The Great Thaw
   ℹ️  This is a WARNING only - relationship will still be added

[2025-11-29T18:45:52.652Z] [Tick 45]
⚠️  RELATIONSHIP WARNING (FACTION):
   Entity: Shadow Eye (faction-1764441950721-xawlk0o5h)
   Kind: faction
   Relationship Type: controls
   Current count: 20
   Warning threshold: 20
   Target: Thud 's Rift
   Tick: 45
   Era: The Great Thaw
   ℹ️  This is a WARNING only - relationship will still be added

[2025-11-29T18:45:52.658Z] [Tick 45]
⚠️  RELATIONSHIP WARNING (FACTION):
   Entity: Dark Claw (faction-1764441950762-b0lbubr9z)
   Kind: faction
   Relationship Type: controls
   Current count: 20
   Warning threshold: 20
   Target: The Crystal Bazaar
   Tick: 45
   Era: The Great Thaw
   ℹ️  This is a WARNING only - relationship will still be added

[2025-11-29T18:45:52.666Z] [Tick 45]
⚠️  RELATIONSHIP WARNING (FACTION):
   Entity: The Pristine Assembly (faction-1764441951561-mesisksog)
   Kind: faction
   Relationship Type: controls
   Current count: 20
   Warning threshold: 20
   Target: Thud 's Rift
   Tick: 45
   Era: The Great Thaw
   ℹ️  This is a WARNING only - relationship will still be added

[2025-11-29T18:45:52.818Z] [Tick 47]
⚠️  RELATIONSHIP WARNING (ABILITIES):
   Entity: Fissure-Drawn Runes (Fissure-Drawn Runes)
   Kind: abilities
   Relationship Type: manifests_at
   Current count: 20
   Warning threshold: 10
   Target: The Veelia'eia Anomaly
   Tick: 47
   Era: The Great Thaw
   ℹ️  This is a WARNING only - relationship will still be added

[2025-11-29T18:45:52.880Z] [Tick 48]
⚠️  RELATIONSHIP WARNING (ABILITIES):
   Entity: Fissure-Drawn Runes (Fissure-Drawn Runes)
   Kind: abilities
   Relationship Type: manifests_at
   Current count: 20
   Warning threshold: 10
   Target: Nuvathv
   Tick: 48
   Era: The Great Thaw
   ℹ️  This is a WARNING only - relationship will still be added

